The target system is: Generic - 2.6.0 - arm
The host system is: Windows - 10.0.19042 - AMD64
Compiling the C compiler identification source file "CMakeCCompilerId.c" succeeded.
Compiler: C:/ncs/v1.6.0/toolchain/opt/bin/arm-none-eabi-gcc.exe 
Build flags: 
Id flags: -c 

The output was:
0


Compilation of the C compiler identification source "CMakeCCompilerId.c" produced "CMakeCCompilerId.o"

The C compiler identification is GNU, found in "C:/Users/mario/OneDrive/Escritorio/bls-hsm/shell_module/build_nrf5340dk_nrf5340_cpuappns/spm/CMakeFiles/3.17.3/CompilerIdC/CMakeCCompilerId.o"

Compiling the CXX compiler identification source file "CMakeCXXCompilerId.cpp" succeeded.
Compiler: C:/ncs/v1.6.0/toolchain/opt/bin/arm-none-eabi-gcc.exe 
Build flags: 
Id flags: -c 

The output was:
0


Compilation of the CXX compiler identification source "CMakeCXXCompilerId.cpp" produced "CMakeCXXCompilerId.o"

The CXX compiler identification is GNU, found in "C:/Users/mario/OneDrive/Escritorio/bls-hsm/shell_module/build_nrf5340dk_nrf5340_cpuappns/spm/CMakeFiles/3.17.3/CompilerIdCXX/CMakeCXXCompilerId.o"

Checking whether the ASM compiler is GNU using "--version" matched "(GNU assembler)|(GCC)|(Free Software Foundation)":
arm-none-eabi-gcc.exe (GNU Tools for Arm Embedded Processors 9-2019-q4-major) 9.2.1 20191025 (release) [ARM/arm-9-branch revision 277599]
Copyright (C) 2019 Free Software Foundation, Inc.
This is free software; see the source for copying conditions.  There is NO
warranty; not even for MERCHANTABILITY or FITNESS FOR A PARTICULAR PURPOSE.

Performing C SOURCE FILE Test check_fmacro_prefix_map_C__Users_mario_OneDrive_Escritorio_bls_hsm_secure_module_zephyr_spm_CMAKE_SOURCE_DIR_C__nostartfiles__nostdlib__isystem__c__ncs_v1_6_0_toolchain_opt_bin____lib_gcc_arm_none_eabi_9_2_1_include___isystem__c__ncs_v1_6_0_toolchain_opt_bin____lib_gcc_arm_none_eabi_9_2_1_include_fixed___Wl___unresolved_symbols_ignore_in_object_files__Wl___entry_0 succeeded with the following output:
Change Dir: C:/Users/mario/OneDrive/Escritorio/bls-hsm/shell_module/build_nrf5340dk_nrf5340_cpuappns/spm/CMakeFiles/CMakeTmp

Run Build Command(s):C:/ncs/v1.6.0/toolchain/opt/bin/ninja.exe cmTC_24616 && [1/2] Building C object CMakeFiles/cmTC_24616.dir/src.c.obj
[2/2] Linking C executable cmTC_24616


Source file was:
int main(void) { return 0; }
Performing C SOURCE FILE Test check_C__nostartfiles__nostdlib__isystem__c__ncs_v1_6_0_toolchain_opt_bin____lib_gcc_arm_none_eabi_9_2_1_include___isystem__c__ncs_v1_6_0_toolchain_opt_bin____lib_gcc_arm_none_eabi_9_2_1_include_fixed___Wl___unresolved_symbols_ignore_in_object_files__Wl___entry_0__Wl___out_implib_C__Users_mario_OneDrive_Escritorio_bls_hsm_shell_module_build_nrf5340dk_nrf5340_cpuappns_spm_libspmsecureentries_a succeeded with the following output:
Change Dir: C:/Users/mario/OneDrive/Escritorio/bls-hsm/shell_module/build_nrf5340dk_nrf5340_cpuappns/spm/CMakeFiles/CMakeTmp

Run Build Command(s):C:/ncs/v1.6.0/toolchain/opt/bin/ninja.exe cmTC_9234c && [1/2] Building C object CMakeFiles/cmTC_9234c.dir/src.c.obj
[2/2] Linking C executable cmTC_9234c


Source file was:
int main(void) { return 0; }
