Determining if the include file xlocale.h exists failed with the following output:
Change Dir: /home/jorge/bls-hsm/json-c-build/CMakeFiles/CMakeTmp

Run Build Command(s):/usr/bin/make cmTC_4b9c3/fast && /usr/bin/make -f CMakeFiles/cmTC_4b9c3.dir/build.make CMakeFiles/cmTC_4b9c3.dir/build
make[1]: se entra en el directorio '/home/jorge/bls-hsm/json-c-build/CMakeFiles/CMakeTmp'
Building C object CMakeFiles/cmTC_4b9c3.dir/CheckIncludeFile.c.o
/usr/bin/cc -D_GNU_SOURCE  -fPIE   -o CMakeFiles/cmTC_4b9c3.dir/CheckIncludeFile.c.o   -c /home/jorge/bls-hsm/json-c-build/CMakeFiles/CMakeTmp/CheckIncludeFile.c
/home/jorge/bls-hsm/json-c-build/CMakeFiles/CMakeTmp/CheckIncludeFile.c:1:10: fatal error: xlocale.h: No existe el archivo o el directorio
    1 | #include <xlocale.h>
      |          ^~~~~~~~~~~
compilation terminated.
make[1]: *** [CMakeFiles/cmTC_4b9c3.dir/build.make:66: CMakeFiles/cmTC_4b9c3.dir/CheckIncludeFile.c.o] Error 1
make[1]: se sale del directorio '/home/jorge/bls-hsm/json-c-build/CMakeFiles/CMakeTmp'
make: *** [Makefile:121: cmTC_4b9c3/fast] Error 2



Determining if the _isnan exist failed with the following output:
Change Dir: /home/jorge/bls-hsm/json-c-build/CMakeFiles/CMakeTmp

Run Build Command(s):/usr/bin/make cmTC_db440/fast && /usr/bin/make -f CMakeFiles/cmTC_db440.dir/build.make CMakeFiles/cmTC_db440.dir/build
make[1]: se entra en el directorio '/home/jorge/bls-hsm/json-c-build/CMakeFiles/CMakeTmp'
Building C object CMakeFiles/cmTC_db440.dir/CheckSymbolExists.c.o
/usr/bin/cc -D_GNU_SOURCE  -fPIE   -o CMakeFiles/cmTC_db440.dir/CheckSymbolExists.c.o   -c /home/jorge/bls-hsm/json-c-build/CMakeFiles/CMakeTmp/CheckSymbolExists.c
/home/jorge/bls-hsm/json-c-build/CMakeFiles/CMakeTmp/CheckSymbolExists.c: In function ‘main’:
/home/jorge/bls-hsm/json-c-build/CMakeFiles/CMakeTmp/CheckSymbolExists.c:8:19: error: ‘_isnan’ undeclared (first use in this function)
    8 |   return ((int*)(&_isnan))[argc];
      |                   ^~~~~~
/home/jorge/bls-hsm/json-c-build/CMakeFiles/CMakeTmp/CheckSymbolExists.c:8:19: note: each undeclared identifier is reported only once for each function it appears in
make[1]: *** [CMakeFiles/cmTC_db440.dir/build.make:66: CMakeFiles/cmTC_db440.dir/CheckSymbolExists.c.o] Error 1
make[1]: se sale del directorio '/home/jorge/bls-hsm/json-c-build/CMakeFiles/CMakeTmp'
make: *** [Makefile:121: cmTC_db440/fast] Error 2


File /home/jorge/bls-hsm/json-c-build/CMakeFiles/CMakeTmp/CheckSymbolExists.c:
/* */
#include <float.h>

int main(int argc, char** argv)
{
  (void)argv;
#ifndef _isnan
  return ((int*)(&_isnan))[argc];
#else
  (void)argc;
  return 0;
#endif
}
Determining if the _finite exist failed with the following output:
Change Dir: /home/jorge/bls-hsm/json-c-build/CMakeFiles/CMakeTmp

Run Build Command(s):/usr/bin/make cmTC_6914b/fast && /usr/bin/make -f CMakeFiles/cmTC_6914b.dir/build.make CMakeFiles/cmTC_6914b.dir/build
make[1]: se entra en el directorio '/home/jorge/bls-hsm/json-c-build/CMakeFiles/CMakeTmp'
Building C object CMakeFiles/cmTC_6914b.dir/CheckSymbolExists.c.o
/usr/bin/cc -D_GNU_SOURCE  -fPIE   -o CMakeFiles/cmTC_6914b.dir/CheckSymbolExists.c.o   -c /home/jorge/bls-hsm/json-c-build/CMakeFiles/CMakeTmp/CheckSymbolExists.c
/home/jorge/bls-hsm/json-c-build/CMakeFiles/CMakeTmp/CheckSymbolExists.c: In function ‘main’:
/home/jorge/bls-hsm/json-c-build/CMakeFiles/CMakeTmp/CheckSymbolExists.c:8:19: error: ‘_finite’ undeclared (first use in this function)
    8 |   return ((int*)(&_finite))[argc];
      |                   ^~~~~~~
/home/jorge/bls-hsm/json-c-build/CMakeFiles/CMakeTmp/CheckSymbolExists.c:8:19: note: each undeclared identifier is reported only once for each function it appears in
make[1]: *** [CMakeFiles/cmTC_6914b.dir/build.make:66: CMakeFiles/cmTC_6914b.dir/CheckSymbolExists.c.o] Error 1
make[1]: se sale del directorio '/home/jorge/bls-hsm/json-c-build/CMakeFiles/CMakeTmp'
make: *** [Makefile:121: cmTC_6914b/fast] Error 2


File /home/jorge/bls-hsm/json-c-build/CMakeFiles/CMakeTmp/CheckSymbolExists.c:
/* */
#include <float.h>

int main(int argc, char** argv)
{
  (void)argv;
#ifndef _finite
  return ((int*)(&_finite))[argc];
#else
  (void)argc;
  return 0;
#endif
}
Determining if the _doprnt exist failed with the following output:
Change Dir: /home/jorge/bls-hsm/json-c-build/CMakeFiles/CMakeTmp

Run Build Command(s):/usr/bin/make cmTC_864c0/fast && /usr/bin/make -f CMakeFiles/cmTC_864c0.dir/build.make CMakeFiles/cmTC_864c0.dir/build
make[1]: se entra en el directorio '/home/jorge/bls-hsm/json-c-build/CMakeFiles/CMakeTmp'
Building C object CMakeFiles/cmTC_864c0.dir/CheckSymbolExists.c.o
/usr/bin/cc -D_GNU_SOURCE  -fPIE   -o CMakeFiles/cmTC_864c0.dir/CheckSymbolExists.c.o   -c /home/jorge/bls-hsm/json-c-build/CMakeFiles/CMakeTmp/CheckSymbolExists.c
/home/jorge/bls-hsm/json-c-build/CMakeFiles/CMakeTmp/CheckSymbolExists.c: In function ‘main’:
/home/jorge/bls-hsm/json-c-build/CMakeFiles/CMakeTmp/CheckSymbolExists.c:8:19: error: ‘_doprnt’ undeclared (first use in this function)
    8 |   return ((int*)(&_doprnt))[argc];
      |                   ^~~~~~~
/home/jorge/bls-hsm/json-c-build/CMakeFiles/CMakeTmp/CheckSymbolExists.c:8:19: note: each undeclared identifier is reported only once for each function it appears in
make[1]: *** [CMakeFiles/cmTC_864c0.dir/build.make:66: CMakeFiles/cmTC_864c0.dir/CheckSymbolExists.c.o] Error 1
make[1]: se sale del directorio '/home/jorge/bls-hsm/json-c-build/CMakeFiles/CMakeTmp'
make: *** [Makefile:121: cmTC_864c0/fast] Error 2


File /home/jorge/bls-hsm/json-c-build/CMakeFiles/CMakeTmp/CheckSymbolExists.c:
/* */
#include <stdio.h>

int main(int argc, char** argv)
{
  (void)argv;
#ifndef _doprnt
  return ((int*)(&_doprnt))[argc];
#else
  (void)argc;
  return 0;
#endif
}
Determining if the arc4random exist failed with the following output:
Change Dir: /home/jorge/bls-hsm/json-c-build/CMakeFiles/CMakeTmp

Run Build Command(s):/usr/bin/make cmTC_e4cd5/fast && /usr/bin/make -f CMakeFiles/cmTC_e4cd5.dir/build.make CMakeFiles/cmTC_e4cd5.dir/build
make[1]: se entra en el directorio '/home/jorge/bls-hsm/json-c-build/CMakeFiles/CMakeTmp'
Building C object CMakeFiles/cmTC_e4cd5.dir/CheckSymbolExists.c.o
/usr/bin/cc -D_GNU_SOURCE  -fPIE   -o CMakeFiles/cmTC_e4cd5.dir/CheckSymbolExists.c.o   -c /home/jorge/bls-hsm/json-c-build/CMakeFiles/CMakeTmp/CheckSymbolExists.c
/home/jorge/bls-hsm/json-c-build/CMakeFiles/CMakeTmp/CheckSymbolExists.c: In function ‘main’:
/home/jorge/bls-hsm/json-c-build/CMakeFiles/CMakeTmp/CheckSymbolExists.c:8:19: error: ‘arc4random’ undeclared (first use in this function); did you mean ‘srandom’?
    8 |   return ((int*)(&arc4random))[argc];
      |                   ^~~~~~~~~~
      |                   srandom
/home/jorge/bls-hsm/json-c-build/CMakeFiles/CMakeTmp/CheckSymbolExists.c:8:19: note: each undeclared identifier is reported only once for each function it appears in
make[1]: *** [CMakeFiles/cmTC_e4cd5.dir/build.make:66: CMakeFiles/cmTC_e4cd5.dir/CheckSymbolExists.c.o] Error 1
make[1]: se sale del directorio '/home/jorge/bls-hsm/json-c-build/CMakeFiles/CMakeTmp'
make: *** [Makefile:121: cmTC_e4cd5/fast] Error 2


File /home/jorge/bls-hsm/json-c-build/CMakeFiles/CMakeTmp/CheckSymbolExists.c:
/* */
#include <stdlib.h>

int main(int argc, char** argv)
{
  (void)argv;
#ifndef arc4random
  return ((int*)(&arc4random))[argc];
#else
  (void)argc;
  return 0;
#endif
}
Determining if the include file bsd/stdlib.h exists failed with the following output:
Change Dir: /home/jorge/bls-hsm/json-c-build/CMakeFiles/CMakeTmp

Run Build Command(s):/usr/bin/make cmTC_3c1e6/fast && /usr/bin/make -f CMakeFiles/cmTC_3c1e6.dir/build.make CMakeFiles/cmTC_3c1e6.dir/build
make[1]: se entra en el directorio '/home/jorge/bls-hsm/json-c-build/CMakeFiles/CMakeTmp'
Building C object CMakeFiles/cmTC_3c1e6.dir/CheckIncludeFile.c.o
/usr/bin/cc -D_GNU_SOURCE  -fPIE   -o CMakeFiles/cmTC_3c1e6.dir/CheckIncludeFile.c.o   -c /home/jorge/bls-hsm/json-c-build/CMakeFiles/CMakeTmp/CheckIncludeFile.c
/home/jorge/bls-hsm/json-c-build/CMakeFiles/CMakeTmp/CheckIncludeFile.c:1:10: fatal error: bsd/stdlib.h: No existe el archivo o el directorio
    1 | #include <bsd/stdlib.h>
      |          ^~~~~~~~~~~~~~
compilation terminated.
make[1]: *** [CMakeFiles/cmTC_3c1e6.dir/build.make:66: CMakeFiles/cmTC_3c1e6.dir/CheckIncludeFile.c.o] Error 1
make[1]: se sale del directorio '/home/jorge/bls-hsm/json-c-build/CMakeFiles/CMakeTmp'
make: *** [Makefile:121: cmTC_3c1e6/fast] Error 2



Performing C SOURCE FILE Test HAS_GNU_WARNING_LONG failed with the following output:
Change Dir: /home/jorge/bls-hsm/json-c-build/CMakeFiles/CMakeTmp

Run Build Command(s):/usr/bin/make cmTC_34b82/fast && /usr/bin/make -f CMakeFiles/cmTC_34b82.dir/build.make CMakeFiles/cmTC_34b82.dir/build
make[1]: se entra en el directorio '/home/jorge/bls-hsm/json-c-build/CMakeFiles/CMakeTmp'
Building C object CMakeFiles/cmTC_34b82.dir/src.c.o
/usr/bin/cc -D_GNU_SOURCE  -DHAS_GNU_WARNING_LONG -fPIE   -o CMakeFiles/cmTC_34b82.dir/src.c.o   -c /home/jorge/bls-hsm/json-c-build/CMakeFiles/CMakeTmp/src.c
/home/jorge/bls-hsm/json-c-build/CMakeFiles/CMakeTmp/src.c:3:9: warning: missing terminating " character
    3 | __asm__(".section .gnu.json_object_get
      |         ^
/home/jorge/bls-hsm/json-c-build/CMakeFiles/CMakeTmp/src.c:3:9: error: missing terminating " character
    3 | __asm__(".section .gnu.json_object_get
      |         ^~~~~~~~~~~~~~~~~~~~~~~~~~~~~~
/home/jorge/bls-hsm/json-c-build/CMakeFiles/CMakeTmp/src.c:4:2: error: expected string literal before ‘.’ token
    4 |  .ascii "Please link against libjson-c instead of libjson"
      |  ^
/home/jorge/bls-hsm/json-c-build/CMakeFiles/CMakeTmp/src.c:5:7: warning: missing terminating " character
    5 |  .text");
      |       ^
/home/jorge/bls-hsm/json-c-build/CMakeFiles/CMakeTmp/src.c:5:7: error: missing terminating " character
    5 |  .text");
      |       ^~~
make[1]: *** [CMakeFiles/cmTC_34b82.dir/build.make:66: CMakeFiles/cmTC_34b82.dir/src.c.o] Error 1
make[1]: se sale del directorio '/home/jorge/bls-hsm/json-c-build/CMakeFiles/CMakeTmp'
make: *** [Makefile:121: cmTC_34b82/fast] Error 2


Source file was:

extern void json_object_get();
__asm__(".section .gnu.json_object_get
	.ascii "Please link against libjson-c instead of libjson"
	.text");
int main(int c, char *v) { return 0;}

