The system is: Linux - 5.4.0-96-generic - x86_64
Compiling the C compiler identification source file "CMakeCCompilerId.c" succeeded.
Compiler: /usr/bin/cc 
Build flags: 
Id flags:  

The output was:
0


Compilation of the C compiler identification source "CMakeCCompilerId.c" produced "a.out"

The C compiler identification is GNU, found in "/home/jorge/bls-hsm/json-c-build/CMakeFiles/3.16.3/CompilerIdC/a.out"

Determining if the C compiler works passed with the following output:
Change Dir: /home/jorge/bls-hsm/json-c-build/CMakeFiles/CMakeTmp

Run Build Command(s):/usr/bin/make cmTC_946b5/fast && /usr/bin/make -f CMakeFiles/cmTC_946b5.dir/build.make CMakeFiles/cmTC_946b5.dir/build
make[1]: se entra en el directorio '/home/jorge/bls-hsm/json-c-build/CMakeFiles/CMakeTmp'
Building C object CMakeFiles/cmTC_946b5.dir/testCCompiler.c.o
/usr/bin/cc    -o CMakeFiles/cmTC_946b5.dir/testCCompiler.c.o   -c /home/jorge/bls-hsm/json-c-build/CMakeFiles/CMakeTmp/testCCompiler.c
Linking C executable cmTC_946b5
/usr/bin/cmake -E cmake_link_script CMakeFiles/cmTC_946b5.dir/link.txt --verbose=1
/usr/bin/cc      -rdynamic CMakeFiles/cmTC_946b5.dir/testCCompiler.c.o  -o cmTC_946b5 
make[1]: se sale del directorio '/home/jorge/bls-hsm/json-c-build/CMakeFiles/CMakeTmp'



Detecting C compiler ABI info compiled with the following output:
Change Dir: /home/jorge/bls-hsm/json-c-build/CMakeFiles/CMakeTmp

Run Build Command(s):/usr/bin/make cmTC_0b9b7/fast && /usr/bin/make -f CMakeFiles/cmTC_0b9b7.dir/build.make CMakeFiles/cmTC_0b9b7.dir/build
make[1]: Entering directory '/home/jorge/bls-hsm/json-c-build/CMakeFiles/CMakeTmp'
Building C object CMakeFiles/cmTC_0b9b7.dir/CMakeCCompilerABI.c.o
/usr/bin/cc   -v -o CMakeFiles/cmTC_0b9b7.dir/CMakeCCompilerABI.c.o   -c /usr/share/cmake-3.16/Modules/CMakeCCompilerABI.c
Using built-in specs.
COLLECT_GCC=/usr/bin/cc
OFFLOAD_TARGET_NAMES=nvptx-none:hsa
OFFLOAD_TARGET_DEFAULT=1
Target: x86_64-linux-gnu
Configured with: ../src/configure -v --with-pkgversion='Ubuntu 9.3.0-17ubuntu1~20.04' --with-bugurl=file:///usr/share/doc/gcc-9/README.Bugs --enable-languages=c,ada,c++,go,brig,d,fortran,objc,obj-c++,gm2 --prefix=/usr --with-gcc-major-version-only --program-suffix=-9 --program-prefix=x86_64-linux-gnu- --enable-shared --enable-linker-build-id --libexecdir=/usr/lib --without-included-gettext --enable-threads=posix --libdir=/usr/lib --enable-nls --enable-clocale=gnu --enable-libstdcxx-debug --enable-libstdcxx-time=yes --with-default-libstdcxx-abi=new --enable-gnu-unique-object --disable-vtable-verify --enable-plugin --enable-default-pie --with-system-zlib --with-target-system-zlib=auto --enable-objc-gc=auto --enable-multiarch --disable-werror --with-arch-32=i686 --with-abi=m64 --with-multilib-list=m32,m64,mx32 --enable-multilib --with-tune=generic --enable-offload-targets=nvptx-none=/build/gcc-9-HskZEa/gcc-9-9.3.0/debian/tmp-nvptx/usr,hsa --without-cuda-driver --enable-checking=release --build=x86_64-linux-gnu --host=x86_64-linux-gnu --target=x86_64-linux-gnu
Thread model: posix
gcc version 9.3.0 (Ubuntu 9.3.0-17ubuntu1~20.04) 
COLLECT_GCC_OPTIONS='-v' '-o' 'CMakeFiles/cmTC_0b9b7.dir/CMakeCCompilerABI.c.o' '-c' '-mtune=generic' '-march=x86-64'
 /usr/lib/gcc/x86_64-linux-gnu/9/cc1 -quiet -v -imultiarch x86_64-linux-gnu /usr/share/cmake-3.16/Modules/CMakeCCompilerABI.c -quiet -dumpbase CMakeCCompilerABI.c -mtune=generic -march=x86-64 -auxbase-strip CMakeFiles/cmTC_0b9b7.dir/CMakeCCompilerABI.c.o -version -fasynchronous-unwind-tables -fstack-protector-strong -Wformat -Wformat-security -fstack-clash-protection -fcf-protection -o /tmp/ccXHHDjk.s
GNU C17 (Ubuntu 9.3.0-17ubuntu1~20.04) version 9.3.0 (x86_64-linux-gnu)
	compiled by GNU C version 9.3.0, GMP version 6.2.0, MPFR version 4.0.2, MPC version 1.1.0, isl version isl-0.22.1-GMP

GGC heuristics: --param ggc-min-expand=100 --param ggc-min-heapsize=131072
ignoring nonexistent directory "/usr/local/include/x86_64-linux-gnu"
ignoring nonexistent directory "/usr/lib/gcc/x86_64-linux-gnu/9/include-fixed"
ignoring nonexistent directory "/usr/lib/gcc/x86_64-linux-gnu/9/../../../../x86_64-linux-gnu/include"
#include "..." search starts here:
#include <...> search starts here:
 /usr/lib/gcc/x86_64-linux-gnu/9/include
 /usr/local/include
 /usr/include/x86_64-linux-gnu
 /usr/include
End of search list.
GNU C17 (Ubuntu 9.3.0-17ubuntu1~20.04) version 9.3.0 (x86_64-linux-gnu)
	compiled by GNU C version 9.3.0, GMP version 6.2.0, MPFR version 4.0.2, MPC version 1.1.0, isl version isl-0.22.1-GMP

GGC heuristics: --param ggc-min-expand=100 --param ggc-min-heapsize=131072
Compiler executable checksum: bbf13931d8de1abe14040c9909cb6969
COLLECT_GCC_OPTIONS='-v' '-o' 'CMakeFiles/cmTC_0b9b7.dir/CMakeCCompilerABI.c.o' '-c' '-mtune=generic' '-march=x86-64'
 as -v --64 -o CMakeFiles/cmTC_0b9b7.dir/CMakeCCompilerABI.c.o /tmp/ccXHHDjk.s
GNU assembler version 2.34 (x86_64-linux-gnu) using BFD version (GNU Binutils for Ubuntu) 2.34
COMPILER_PATH=/usr/lib/gcc/x86_64-linux-gnu/9/:/usr/lib/gcc/x86_64-linux-gnu/9/:/usr/lib/gcc/x86_64-linux-gnu/:/usr/lib/gcc/x86_64-linux-gnu/9/:/usr/lib/gcc/x86_64-linux-gnu/
LIBRARY_PATH=/usr/lib/gcc/x86_64-linux-gnu/9/:/usr/lib/gcc/x86_64-linux-gnu/9/../../../x86_64-linux-gnu/:/usr/lib/gcc/x86_64-linux-gnu/9/../../../../lib/:/lib/x86_64-linux-gnu/:/lib/../lib/:/usr/lib/x86_64-linux-gnu/:/usr/lib/../lib/:/usr/lib/gcc/x86_64-linux-gnu/9/../../../:/lib/:/usr/lib/
COLLECT_GCC_OPTIONS='-v' '-o' 'CMakeFiles/cmTC_0b9b7.dir/CMakeCCompilerABI.c.o' '-c' '-mtune=generic' '-march=x86-64'
Linking C executable cmTC_0b9b7
/usr/bin/cmake -E cmake_link_script CMakeFiles/cmTC_0b9b7.dir/link.txt --verbose=1
/usr/bin/cc     -v -rdynamic CMakeFiles/cmTC_0b9b7.dir/CMakeCCompilerABI.c.o  -o cmTC_0b9b7 
Using built-in specs.
COLLECT_GCC=/usr/bin/cc
COLLECT_LTO_WRAPPER=/usr/lib/gcc/x86_64-linux-gnu/9/lto-wrapper
OFFLOAD_TARGET_NAMES=nvptx-none:hsa
OFFLOAD_TARGET_DEFAULT=1
Target: x86_64-linux-gnu
Configured with: ../src/configure -v --with-pkgversion='Ubuntu 9.3.0-17ubuntu1~20.04' --with-bugurl=file:///usr/share/doc/gcc-9/README.Bugs --enable-languages=c,ada,c++,go,brig,d,fortran,objc,obj-c++,gm2 --prefix=/usr --with-gcc-major-version-only --program-suffix=-9 --program-prefix=x86_64-linux-gnu- --enable-shared --enable-linker-build-id --libexecdir=/usr/lib --without-included-gettext --enable-threads=posix --libdir=/usr/lib --enable-nls --enable-clocale=gnu --enable-libstdcxx-debug --enable-libstdcxx-time=yes --with-default-libstdcxx-abi=new --enable-gnu-unique-object --disable-vtable-verify --enable-plugin --enable-default-pie --with-system-zlib --with-target-system-zlib=auto --enable-objc-gc=auto --enable-multiarch --disable-werror --with-arch-32=i686 --with-abi=m64 --with-multilib-list=m32,m64,mx32 --enable-multilib --with-tune=generic --enable-offload-targets=nvptx-none=/build/gcc-9-HskZEa/gcc-9-9.3.0/debian/tmp-nvptx/usr,hsa --without-cuda-driver --enable-checking=release --build=x86_64-linux-gnu --host=x86_64-linux-gnu --target=x86_64-linux-gnu
Thread model: posix
gcc version 9.3.0 (Ubuntu 9.3.0-17ubuntu1~20.04) 
COMPILER_PATH=/usr/lib/gcc/x86_64-linux-gnu/9/:/usr/lib/gcc/x86_64-linux-gnu/9/:/usr/lib/gcc/x86_64-linux-gnu/:/usr/lib/gcc/x86_64-linux-gnu/9/:/usr/lib/gcc/x86_64-linux-gnu/
LIBRARY_PATH=/usr/lib/gcc/x86_64-linux-gnu/9/:/usr/lib/gcc/x86_64-linux-gnu/9/../../../x86_64-linux-gnu/:/usr/lib/gcc/x86_64-linux-gnu/9/../../../../lib/:/lib/x86_64-linux-gnu/:/lib/../lib/:/usr/lib/x86_64-linux-gnu/:/usr/lib/../lib/:/usr/lib/gcc/x86_64-linux-gnu/9/../../../:/lib/:/usr/lib/
COLLECT_GCC_OPTIONS='-v' '-rdynamic' '-o' 'cmTC_0b9b7' '-mtune=generic' '-march=x86-64'
 /usr/lib/gcc/x86_64-linux-gnu/9/collect2 -plugin /usr/lib/gcc/x86_64-linux-gnu/9/liblto_plugin.so -plugin-opt=/usr/lib/gcc/x86_64-linux-gnu/9/lto-wrapper -plugin-opt=-fresolution=/tmp/ccUzeZTL.res -plugin-opt=-pass-through=-lgcc -plugin-opt=-pass-through=-lgcc_s -plugin-opt=-pass-through=-lc -plugin-opt=-pass-through=-lgcc -plugin-opt=-pass-through=-lgcc_s --build-id --eh-frame-hdr -m elf_x86_64 --hash-style=gnu --as-needed -export-dynamic -dynamic-linker /lib64/ld-linux-x86-64.so.2 -pie -z now -z relro -o cmTC_0b9b7 /usr/lib/gcc/x86_64-linux-gnu/9/../../../x86_64-linux-gnu/Scrt1.o /usr/lib/gcc/x86_64-linux-gnu/9/../../../x86_64-linux-gnu/crti.o /usr/lib/gcc/x86_64-linux-gnu/9/crtbeginS.o -L/usr/lib/gcc/x86_64-linux-gnu/9 -L/usr/lib/gcc/x86_64-linux-gnu/9/../../../x86_64-linux-gnu -L/usr/lib/gcc/x86_64-linux-gnu/9/../../../../lib -L/lib/x86_64-linux-gnu -L/lib/../lib -L/usr/lib/x86_64-linux-gnu -L/usr/lib/../lib -L/usr/lib/gcc/x86_64-linux-gnu/9/../../.. CMakeFiles/cmTC_0b9b7.dir/CMakeCCompilerABI.c.o -lgcc --push-state --as-needed -lgcc_s --pop-state -lc -lgcc --push-state --as-needed -lgcc_s --pop-state /usr/lib/gcc/x86_64-linux-gnu/9/crtendS.o /usr/lib/gcc/x86_64-linux-gnu/9/../../../x86_64-linux-gnu/crtn.o
COLLECT_GCC_OPTIONS='-v' '-rdynamic' '-o' 'cmTC_0b9b7' '-mtune=generic' '-march=x86-64'
make[1]: Leaving directory '/home/jorge/bls-hsm/json-c-build/CMakeFiles/CMakeTmp'



Parsed C implicit include dir info from above output: rv=done
  found start of include info
  found start of implicit include info
    add: [/usr/lib/gcc/x86_64-linux-gnu/9/include]
    add: [/usr/local/include]
    add: [/usr/include/x86_64-linux-gnu]
    add: [/usr/include]
  end of search list found
  collapse include dir [/usr/lib/gcc/x86_64-linux-gnu/9/include] ==> [/usr/lib/gcc/x86_64-linux-gnu/9/include]
  collapse include dir [/usr/local/include] ==> [/usr/local/include]
  collapse include dir [/usr/include/x86_64-linux-gnu] ==> [/usr/include/x86_64-linux-gnu]
  collapse include dir [/usr/include] ==> [/usr/include]
  implicit include dirs: [/usr/lib/gcc/x86_64-linux-gnu/9/include;/usr/local/include;/usr/include/x86_64-linux-gnu;/usr/include]


Parsed C implicit link information from above output:
  link line regex: [^( *|.*[/\])(ld|CMAKE_LINK_STARTFILE-NOTFOUND|([^/\]+-)?ld|collect2)[^/\]*( |$)]
  ignore line: [Change Dir: /home/jorge/bls-hsm/json-c-build/CMakeFiles/CMakeTmp]
  ignore line: []
  ignore line: [Run Build Command(s):/usr/bin/make cmTC_0b9b7/fast && /usr/bin/make -f CMakeFiles/cmTC_0b9b7.dir/build.make CMakeFiles/cmTC_0b9b7.dir/build]
  ignore line: [make[1]: Entering directory '/home/jorge/bls-hsm/json-c-build/CMakeFiles/CMakeTmp']
  ignore line: [Building C object CMakeFiles/cmTC_0b9b7.dir/CMakeCCompilerABI.c.o]
  ignore line: [/usr/bin/cc   -v -o CMakeFiles/cmTC_0b9b7.dir/CMakeCCompilerABI.c.o   -c /usr/share/cmake-3.16/Modules/CMakeCCompilerABI.c]
  ignore line: [Using built-in specs.]
  ignore line: [COLLECT_GCC=/usr/bin/cc]
  ignore line: [OFFLOAD_TARGET_NAMES=nvptx-none:hsa]
  ignore line: [OFFLOAD_TARGET_DEFAULT=1]
  ignore line: [Target: x86_64-linux-gnu]
  ignore line: [Configured with: ../src/configure -v --with-pkgversion='Ubuntu 9.3.0-17ubuntu1~20.04' --with-bugurl=file:///usr/share/doc/gcc-9/README.Bugs --enable-languages=c ada c++ go brig d fortran objc obj-c++ gm2 --prefix=/usr --with-gcc-major-version-only --program-suffix=-9 --program-prefix=x86_64-linux-gnu- --enable-shared --enable-linker-build-id --libexecdir=/usr/lib --without-included-gettext --enable-threads=posix --libdir=/usr/lib --enable-nls --enable-clocale=gnu --enable-libstdcxx-debug --enable-libstdcxx-time=yes --with-default-libstdcxx-abi=new --enable-gnu-unique-object --disable-vtable-verify --enable-plugin --enable-default-pie --with-system-zlib --with-target-system-zlib=auto --enable-objc-gc=auto --enable-multiarch --disable-werror --with-arch-32=i686 --with-abi=m64 --with-multilib-list=m32 m64 mx32 --enable-multilib --with-tune=generic --enable-offload-targets=nvptx-none=/build/gcc-9-HskZEa/gcc-9-9.3.0/debian/tmp-nvptx/usr hsa --without-cuda-driver --enable-checking=release --build=x86_64-linux-gnu --host=x86_64-linux-gnu --target=x86_64-linux-gnu]
  ignore line: [Thread model: posix]
  ignore line: [gcc version 9.3.0 (Ubuntu 9.3.0-17ubuntu1~20.04) ]
  ignore line: [COLLECT_GCC_OPTIONS='-v' '-o' 'CMakeFiles/cmTC_0b9b7.dir/CMakeCCompilerABI.c.o' '-c' '-mtune=generic' '-march=x86-64']
  ignore line: [ /usr/lib/gcc/x86_64-linux-gnu/9/cc1 -quiet -v -imultiarch x86_64-linux-gnu /usr/share/cmake-3.16/Modules/CMakeCCompilerABI.c -quiet -dumpbase CMakeCCompilerABI.c -mtune=generic -march=x86-64 -auxbase-strip CMakeFiles/cmTC_0b9b7.dir/CMakeCCompilerABI.c.o -version -fasynchronous-unwind-tables -fstack-protector-strong -Wformat -Wformat-security -fstack-clash-protection -fcf-protection -o /tmp/ccXHHDjk.s]
  ignore line: [GNU C17 (Ubuntu 9.3.0-17ubuntu1~20.04) version 9.3.0 (x86_64-linux-gnu)]
  ignore line: [	compiled by GNU C version 9.3.0  GMP version 6.2.0  MPFR version 4.0.2  MPC version 1.1.0  isl version isl-0.22.1-GMP]
  ignore line: []
  ignore line: [GGC heuristics: --param ggc-min-expand=100 --param ggc-min-heapsize=131072]
  ignore line: [ignoring nonexistent directory "/usr/local/include/x86_64-linux-gnu"]
  ignore line: [ignoring nonexistent directory "/usr/lib/gcc/x86_64-linux-gnu/9/include-fixed"]
  ignore line: [ignoring nonexistent directory "/usr/lib/gcc/x86_64-linux-gnu/9/../../../../x86_64-linux-gnu/include"]
  ignore line: [#include "..." search starts here:]
  ignore line: [#include <...> search starts here:]
  ignore line: [ /usr/lib/gcc/x86_64-linux-gnu/9/include]
  ignore line: [ /usr/local/include]
  ignore line: [ /usr/include/x86_64-linux-gnu]
  ignore line: [ /usr/include]
  ignore line: [End of search list.]
  ignore line: [GNU C17 (Ubuntu 9.3.0-17ubuntu1~20.04) version 9.3.0 (x86_64-linux-gnu)]
  ignore line: [	compiled by GNU C version 9.3.0  GMP version 6.2.0  MPFR version 4.0.2  MPC version 1.1.0  isl version isl-0.22.1-GMP]
  ignore line: []
  ignore line: [GGC heuristics: --param ggc-min-expand=100 --param ggc-min-heapsize=131072]
  ignore line: [Compiler executable checksum: bbf13931d8de1abe14040c9909cb6969]
  ignore line: [COLLECT_GCC_OPTIONS='-v' '-o' 'CMakeFiles/cmTC_0b9b7.dir/CMakeCCompilerABI.c.o' '-c' '-mtune=generic' '-march=x86-64']
  ignore line: [ as -v --64 -o CMakeFiles/cmTC_0b9b7.dir/CMakeCCompilerABI.c.o /tmp/ccXHHDjk.s]
  ignore line: [GNU assembler version 2.34 (x86_64-linux-gnu) using BFD version (GNU Binutils for Ubuntu) 2.34]
  ignore line: [COMPILER_PATH=/usr/lib/gcc/x86_64-linux-gnu/9/:/usr/lib/gcc/x86_64-linux-gnu/9/:/usr/lib/gcc/x86_64-linux-gnu/:/usr/lib/gcc/x86_64-linux-gnu/9/:/usr/lib/gcc/x86_64-linux-gnu/]
  ignore line: [LIBRARY_PATH=/usr/lib/gcc/x86_64-linux-gnu/9/:/usr/lib/gcc/x86_64-linux-gnu/9/../../../x86_64-linux-gnu/:/usr/lib/gcc/x86_64-linux-gnu/9/../../../../lib/:/lib/x86_64-linux-gnu/:/lib/../lib/:/usr/lib/x86_64-linux-gnu/:/usr/lib/../lib/:/usr/lib/gcc/x86_64-linux-gnu/9/../../../:/lib/:/usr/lib/]
  ignore line: [COLLECT_GCC_OPTIONS='-v' '-o' 'CMakeFiles/cmTC_0b9b7.dir/CMakeCCompilerABI.c.o' '-c' '-mtune=generic' '-march=x86-64']
  ignore line: [Linking C executable cmTC_0b9b7]
  ignore line: [/usr/bin/cmake -E cmake_link_script CMakeFiles/cmTC_0b9b7.dir/link.txt --verbose=1]
  ignore line: [/usr/bin/cc     -v -rdynamic CMakeFiles/cmTC_0b9b7.dir/CMakeCCompilerABI.c.o  -o cmTC_0b9b7 ]
  ignore line: [Using built-in specs.]
  ignore line: [COLLECT_GCC=/usr/bin/cc]
  ignore line: [COLLECT_LTO_WRAPPER=/usr/lib/gcc/x86_64-linux-gnu/9/lto-wrapper]
  ignore line: [OFFLOAD_TARGET_NAMES=nvptx-none:hsa]
  ignore line: [OFFLOAD_TARGET_DEFAULT=1]
  ignore line: [Target: x86_64-linux-gnu]
  ignore line: [Configured with: ../src/configure -v --with-pkgversion='Ubuntu 9.3.0-17ubuntu1~20.04' --with-bugurl=file:///usr/share/doc/gcc-9/README.Bugs --enable-languages=c ada c++ go brig d fortran objc obj-c++ gm2 --prefix=/usr --with-gcc-major-version-only --program-suffix=-9 --program-prefix=x86_64-linux-gnu- --enable-shared --enable-linker-build-id --libexecdir=/usr/lib --without-included-gettext --enable-threads=posix --libdir=/usr/lib --enable-nls --enable-clocale=gnu --enable-libstdcxx-debug --enable-libstdcxx-time=yes --with-default-libstdcxx-abi=new --enable-gnu-unique-object --disable-vtable-verify --enable-plugin --enable-default-pie --with-system-zlib --with-target-system-zlib=auto --enable-objc-gc=auto --enable-multiarch --disable-werror --with-arch-32=i686 --with-abi=m64 --with-multilib-list=m32 m64 mx32 --enable-multilib --with-tune=generic --enable-offload-targets=nvptx-none=/build/gcc-9-HskZEa/gcc-9-9.3.0/debian/tmp-nvptx/usr hsa --without-cuda-driver --enable-checking=release --build=x86_64-linux-gnu --host=x86_64-linux-gnu --target=x86_64-linux-gnu]
  ignore line: [Thread model: posix]
  ignore line: [gcc version 9.3.0 (Ubuntu 9.3.0-17ubuntu1~20.04) ]
  ignore line: [COMPILER_PATH=/usr/lib/gcc/x86_64-linux-gnu/9/:/usr/lib/gcc/x86_64-linux-gnu/9/:/usr/lib/gcc/x86_64-linux-gnu/:/usr/lib/gcc/x86_64-linux-gnu/9/:/usr/lib/gcc/x86_64-linux-gnu/]
  ignore line: [LIBRARY_PATH=/usr/lib/gcc/x86_64-linux-gnu/9/:/usr/lib/gcc/x86_64-linux-gnu/9/../../../x86_64-linux-gnu/:/usr/lib/gcc/x86_64-linux-gnu/9/../../../../lib/:/lib/x86_64-linux-gnu/:/lib/../lib/:/usr/lib/x86_64-linux-gnu/:/usr/lib/../lib/:/usr/lib/gcc/x86_64-linux-gnu/9/../../../:/lib/:/usr/lib/]
  ignore line: [COLLECT_GCC_OPTIONS='-v' '-rdynamic' '-o' 'cmTC_0b9b7' '-mtune=generic' '-march=x86-64']
  link line: [ /usr/lib/gcc/x86_64-linux-gnu/9/collect2 -plugin /usr/lib/gcc/x86_64-linux-gnu/9/liblto_plugin.so -plugin-opt=/usr/lib/gcc/x86_64-linux-gnu/9/lto-wrapper -plugin-opt=-fresolution=/tmp/ccUzeZTL.res -plugin-opt=-pass-through=-lgcc -plugin-opt=-pass-through=-lgcc_s -plugin-opt=-pass-through=-lc -plugin-opt=-pass-through=-lgcc -plugin-opt=-pass-through=-lgcc_s --build-id --eh-frame-hdr -m elf_x86_64 --hash-style=gnu --as-needed -export-dynamic -dynamic-linker /lib64/ld-linux-x86-64.so.2 -pie -z now -z relro -o cmTC_0b9b7 /usr/lib/gcc/x86_64-linux-gnu/9/../../../x86_64-linux-gnu/Scrt1.o /usr/lib/gcc/x86_64-linux-gnu/9/../../../x86_64-linux-gnu/crti.o /usr/lib/gcc/x86_64-linux-gnu/9/crtbeginS.o -L/usr/lib/gcc/x86_64-linux-gnu/9 -L/usr/lib/gcc/x86_64-linux-gnu/9/../../../x86_64-linux-gnu -L/usr/lib/gcc/x86_64-linux-gnu/9/../../../../lib -L/lib/x86_64-linux-gnu -L/lib/../lib -L/usr/lib/x86_64-linux-gnu -L/usr/lib/../lib -L/usr/lib/gcc/x86_64-linux-gnu/9/../../.. CMakeFiles/cmTC_0b9b7.dir/CMakeCCompilerABI.c.o -lgcc --push-state --as-needed -lgcc_s --pop-state -lc -lgcc --push-state --as-needed -lgcc_s --pop-state /usr/lib/gcc/x86_64-linux-gnu/9/crtendS.o /usr/lib/gcc/x86_64-linux-gnu/9/../../../x86_64-linux-gnu/crtn.o]
    arg [/usr/lib/gcc/x86_64-linux-gnu/9/collect2] ==> ignore
    arg [-plugin] ==> ignore
    arg [/usr/lib/gcc/x86_64-linux-gnu/9/liblto_plugin.so] ==> ignore
    arg [-plugin-opt=/usr/lib/gcc/x86_64-linux-gnu/9/lto-wrapper] ==> ignore
    arg [-plugin-opt=-fresolution=/tmp/ccUzeZTL.res] ==> ignore
    arg [-plugin-opt=-pass-through=-lgcc] ==> ignore
    arg [-plugin-opt=-pass-through=-lgcc_s] ==> ignore
    arg [-plugin-opt=-pass-through=-lc] ==> ignore
    arg [-plugin-opt=-pass-through=-lgcc] ==> ignore
    arg [-plugin-opt=-pass-through=-lgcc_s] ==> ignore
    arg [--build-id] ==> ignore
    arg [--eh-frame-hdr] ==> ignore
    arg [-m] ==> ignore
    arg [elf_x86_64] ==> ignore
    arg [--hash-style=gnu] ==> ignore
    arg [--as-needed] ==> ignore
    arg [-export-dynamic] ==> ignore
    arg [-dynamic-linker] ==> ignore
    arg [/lib64/ld-linux-x86-64.so.2] ==> ignore
    arg [-pie] ==> ignore
    arg [-znow] ==> ignore
    arg [-zrelro] ==> ignore
    arg [-o] ==> ignore
    arg [cmTC_0b9b7] ==> ignore
    arg [/usr/lib/gcc/x86_64-linux-gnu/9/../../../x86_64-linux-gnu/Scrt1.o] ==> ignore
    arg [/usr/lib/gcc/x86_64-linux-gnu/9/../../../x86_64-linux-gnu/crti.o] ==> ignore
    arg [/usr/lib/gcc/x86_64-linux-gnu/9/crtbeginS.o] ==> ignore
    arg [-L/usr/lib/gcc/x86_64-linux-gnu/9] ==> dir [/usr/lib/gcc/x86_64-linux-gnu/9]
    arg [-L/usr/lib/gcc/x86_64-linux-gnu/9/../../../x86_64-linux-gnu] ==> dir [/usr/lib/gcc/x86_64-linux-gnu/9/../../../x86_64-linux-gnu]
    arg [-L/usr/lib/gcc/x86_64-linux-gnu/9/../../../../lib] ==> dir [/usr/lib/gcc/x86_64-linux-gnu/9/../../../../lib]
    arg [-L/lib/x86_64-linux-gnu] ==> dir [/lib/x86_64-linux-gnu]
    arg [-L/lib/../lib] ==> dir [/lib/../lib]
    arg [-L/usr/lib/x86_64-linux-gnu] ==> dir [/usr/lib/x86_64-linux-gnu]
    arg [-L/usr/lib/../lib] ==> dir [/usr/lib/../lib]
    arg [-L/usr/lib/gcc/x86_64-linux-gnu/9/../../..] ==> dir [/usr/lib/gcc/x86_64-linux-gnu/9/../../..]
    arg [CMakeFiles/cmTC_0b9b7.dir/CMakeCCompilerABI.c.o] ==> ignore
    arg [-lgcc] ==> lib [gcc]
    arg [--push-state] ==> ignore
    arg [--as-needed] ==> ignore
    arg [-lgcc_s] ==> lib [gcc_s]
    arg [--pop-state] ==> ignore
    arg [-lc] ==> lib [c]
    arg [-lgcc] ==> lib [gcc]
    arg [--push-state] ==> ignore
    arg [--as-needed] ==> ignore
    arg [-lgcc_s] ==> lib [gcc_s]
    arg [--pop-state] ==> ignore
    arg [/usr/lib/gcc/x86_64-linux-gnu/9/crtendS.o] ==> ignore
    arg [/usr/lib/gcc/x86_64-linux-gnu/9/../../../x86_64-linux-gnu/crtn.o] ==> ignore
  collapse library dir [/usr/lib/gcc/x86_64-linux-gnu/9] ==> [/usr/lib/gcc/x86_64-linux-gnu/9]
  collapse library dir [/usr/lib/gcc/x86_64-linux-gnu/9/../../../x86_64-linux-gnu] ==> [/usr/lib/x86_64-linux-gnu]
  collapse library dir [/usr/lib/gcc/x86_64-linux-gnu/9/../../../../lib] ==> [/usr/lib]
  collapse library dir [/lib/x86_64-linux-gnu] ==> [/lib/x86_64-linux-gnu]
  collapse library dir [/lib/../lib] ==> [/lib]
  collapse library dir [/usr/lib/x86_64-linux-gnu] ==> [/usr/lib/x86_64-linux-gnu]
  collapse library dir [/usr/lib/../lib] ==> [/usr/lib]
  collapse library dir [/usr/lib/gcc/x86_64-linux-gnu/9/../../..] ==> [/usr/lib]
  implicit libs: [gcc;gcc_s;c;gcc;gcc_s]
  implicit dirs: [/usr/lib/gcc/x86_64-linux-gnu/9;/usr/lib/x86_64-linux-gnu;/usr/lib;/lib/x86_64-linux-gnu;/lib]
  implicit fwks: []


Determining if the include file sys/resource.h exists passed with the following output:
Change Dir: /home/jorge/bls-hsm/json-c-build/CMakeFiles/CMakeTmp

Run Build Command(s):/usr/bin/make cmTC_94c9d/fast && /usr/bin/make -f CMakeFiles/cmTC_94c9d.dir/build.make CMakeFiles/cmTC_94c9d.dir/build
make[1]: se entra en el directorio '/home/jorge/bls-hsm/json-c-build/CMakeFiles/CMakeTmp'
Building C object CMakeFiles/cmTC_94c9d.dir/CheckIncludeFile.c.o
/usr/bin/cc    -o CMakeFiles/cmTC_94c9d.dir/CheckIncludeFile.c.o   -c /home/jorge/bls-hsm/json-c-build/CMakeFiles/CMakeTmp/CheckIncludeFile.c
Linking C executable cmTC_94c9d
/usr/bin/cmake -E cmake_link_script CMakeFiles/cmTC_94c9d.dir/link.txt --verbose=1
/usr/bin/cc      -rdynamic CMakeFiles/cmTC_94c9d.dir/CheckIncludeFile.c.o  -o cmTC_94c9d 
make[1]: se sale del directorio '/home/jorge/bls-hsm/json-c-build/CMakeFiles/CMakeTmp'



Determining if the getrusage exist passed with the following output:
Change Dir: /home/jorge/bls-hsm/json-c-build/CMakeFiles/CMakeTmp

Run Build Command(s):/usr/bin/make cmTC_fc591/fast && /usr/bin/make -f CMakeFiles/cmTC_fc591.dir/build.make CMakeFiles/cmTC_fc591.dir/build
make[1]: se entra en el directorio '/home/jorge/bls-hsm/json-c-build/CMakeFiles/CMakeTmp'
Building C object CMakeFiles/cmTC_fc591.dir/CheckSymbolExists.c.o
/usr/bin/cc    -o CMakeFiles/cmTC_fc591.dir/CheckSymbolExists.c.o   -c /home/jorge/bls-hsm/json-c-build/CMakeFiles/CMakeTmp/CheckSymbolExists.c
Linking C executable cmTC_fc591
/usr/bin/cmake -E cmake_link_script CMakeFiles/cmTC_fc591.dir/link.txt --verbose=1
/usr/bin/cc      -rdynamic CMakeFiles/cmTC_fc591.dir/CheckSymbolExists.c.o  -o cmTC_fc591 
make[1]: se sale del directorio '/home/jorge/bls-hsm/json-c-build/CMakeFiles/CMakeTmp'


File /home/jorge/bls-hsm/json-c-build/CMakeFiles/CMakeTmp/CheckSymbolExists.c:
/* */
#include <sys/resource.h>

int main(int argc, char** argv)
{
  (void)argv;
#ifndef getrusage
  return ((int*)(&getrusage))[argc];
#else
  (void)argc;
  return 0;
#endif
}
Determining if the include file fcntl.h exists passed with the following output:
Change Dir: /home/jorge/bls-hsm/json-c-build/CMakeFiles/CMakeTmp

Run Build Command(s):/usr/bin/make cmTC_bcfab/fast && /usr/bin/make -f CMakeFiles/cmTC_bcfab.dir/build.make CMakeFiles/cmTC_bcfab.dir/build
make[1]: se entra en el directorio '/home/jorge/bls-hsm/json-c-build/CMakeFiles/CMakeTmp'
Building C object CMakeFiles/cmTC_bcfab.dir/CheckIncludeFile.c.o
/usr/bin/cc -D_GNU_SOURCE  -fPIE   -o CMakeFiles/cmTC_bcfab.dir/CheckIncludeFile.c.o   -c /home/jorge/bls-hsm/json-c-build/CMakeFiles/CMakeTmp/CheckIncludeFile.c
Linking C executable cmTC_bcfab
/usr/bin/cmake -E cmake_link_script CMakeFiles/cmTC_bcfab.dir/link.txt --verbose=1
/usr/bin/cc      -rdynamic CMakeFiles/cmTC_bcfab.dir/CheckIncludeFile.c.o  -o cmTC_bcfab  -lm 
make[1]: se sale del directorio '/home/jorge/bls-hsm/json-c-build/CMakeFiles/CMakeTmp'



Determining if the include file inttypes.h exists passed with the following output:
Change Dir: /home/jorge/bls-hsm/json-c-build/CMakeFiles/CMakeTmp

Run Build Command(s):/usr/bin/make cmTC_ef2e5/fast && /usr/bin/make -f CMakeFiles/cmTC_ef2e5.dir/build.make CMakeFiles/cmTC_ef2e5.dir/build
make[1]: se entra en el directorio '/home/jorge/bls-hsm/json-c-build/CMakeFiles/CMakeTmp'
Building C object CMakeFiles/cmTC_ef2e5.dir/CheckIncludeFile.c.o
/usr/bin/cc -D_GNU_SOURCE  -fPIE   -o CMakeFiles/cmTC_ef2e5.dir/CheckIncludeFile.c.o   -c /home/jorge/bls-hsm/json-c-build/CMakeFiles/CMakeTmp/CheckIncludeFile.c
Linking C executable cmTC_ef2e5
/usr/bin/cmake -E cmake_link_script CMakeFiles/cmTC_ef2e5.dir/link.txt --verbose=1
/usr/bin/cc      -rdynamic CMakeFiles/cmTC_ef2e5.dir/CheckIncludeFile.c.o  -o cmTC_ef2e5  -lm 
make[1]: se sale del directorio '/home/jorge/bls-hsm/json-c-build/CMakeFiles/CMakeTmp'



Determining if the include file stdarg.h exists passed with the following output:
Change Dir: /home/jorge/bls-hsm/json-c-build/CMakeFiles/CMakeTmp

Run Build Command(s):/usr/bin/make cmTC_fdd7f/fast && /usr/bin/make -f CMakeFiles/cmTC_fdd7f.dir/build.make CMakeFiles/cmTC_fdd7f.dir/build
make[1]: se entra en el directorio '/home/jorge/bls-hsm/json-c-build/CMakeFiles/CMakeTmp'
Building C object CMakeFiles/cmTC_fdd7f.dir/CheckIncludeFile.c.o
/usr/bin/cc -D_GNU_SOURCE  -fPIE   -o CMakeFiles/cmTC_fdd7f.dir/CheckIncludeFile.c.o   -c /home/jorge/bls-hsm/json-c-build/CMakeFiles/CMakeTmp/CheckIncludeFile.c
Linking C executable cmTC_fdd7f
/usr/bin/cmake -E cmake_link_script CMakeFiles/cmTC_fdd7f.dir/link.txt --verbose=1
/usr/bin/cc      -rdynamic CMakeFiles/cmTC_fdd7f.dir/CheckIncludeFile.c.o  -o cmTC_fdd7f  -lm 
make[1]: se sale del directorio '/home/jorge/bls-hsm/json-c-build/CMakeFiles/CMakeTmp'



Determining if the include file strings.h exists passed with the following output:
Change Dir: /home/jorge/bls-hsm/json-c-build/CMakeFiles/CMakeTmp

Run Build Command(s):/usr/bin/make cmTC_e1c6f/fast && /usr/bin/make -f CMakeFiles/cmTC_e1c6f.dir/build.make CMakeFiles/cmTC_e1c6f.dir/build
make[1]: se entra en el directorio '/home/jorge/bls-hsm/json-c-build/CMakeFiles/CMakeTmp'
Building C object CMakeFiles/cmTC_e1c6f.dir/CheckIncludeFile.c.o
/usr/bin/cc -D_GNU_SOURCE  -fPIE   -o CMakeFiles/cmTC_e1c6f.dir/CheckIncludeFile.c.o   -c /home/jorge/bls-hsm/json-c-build/CMakeFiles/CMakeTmp/CheckIncludeFile.c
Linking C executable cmTC_e1c6f
/usr/bin/cmake -E cmake_link_script CMakeFiles/cmTC_e1c6f.dir/link.txt --verbose=1
/usr/bin/cc      -rdynamic CMakeFiles/cmTC_e1c6f.dir/CheckIncludeFile.c.o  -o cmTC_e1c6f  -lm 
make[1]: se sale del directorio '/home/jorge/bls-hsm/json-c-build/CMakeFiles/CMakeTmp'



Determining if the include file string.h exists passed with the following output:
Change Dir: /home/jorge/bls-hsm/json-c-build/CMakeFiles/CMakeTmp

Run Build Command(s):/usr/bin/make cmTC_7b50e/fast && /usr/bin/make -f CMakeFiles/cmTC_7b50e.dir/build.make CMakeFiles/cmTC_7b50e.dir/build
make[1]: se entra en el directorio '/home/jorge/bls-hsm/json-c-build/CMakeFiles/CMakeTmp'
Building C object CMakeFiles/cmTC_7b50e.dir/CheckIncludeFile.c.o
/usr/bin/cc -D_GNU_SOURCE  -fPIE   -o CMakeFiles/cmTC_7b50e.dir/CheckIncludeFile.c.o   -c /home/jorge/bls-hsm/json-c-build/CMakeFiles/CMakeTmp/CheckIncludeFile.c
Linking C executable cmTC_7b50e
/usr/bin/cmake -E cmake_link_script CMakeFiles/cmTC_7b50e.dir/link.txt --verbose=1
/usr/bin/cc      -rdynamic CMakeFiles/cmTC_7b50e.dir/CheckIncludeFile.c.o  -o cmTC_7b50e  -lm 
make[1]: se sale del directorio '/home/jorge/bls-hsm/json-c-build/CMakeFiles/CMakeTmp'



Determining if the include file syslog.h exists passed with the following output:
Change Dir: /home/jorge/bls-hsm/json-c-build/CMakeFiles/CMakeTmp

Run Build Command(s):/usr/bin/make cmTC_ad60e/fast && /usr/bin/make -f CMakeFiles/cmTC_ad60e.dir/build.make CMakeFiles/cmTC_ad60e.dir/build
make[1]: se entra en el directorio '/home/jorge/bls-hsm/json-c-build/CMakeFiles/CMakeTmp'
Building C object CMakeFiles/cmTC_ad60e.dir/CheckIncludeFile.c.o
/usr/bin/cc -D_GNU_SOURCE  -fPIE   -o CMakeFiles/cmTC_ad60e.dir/CheckIncludeFile.c.o   -c /home/jorge/bls-hsm/json-c-build/CMakeFiles/CMakeTmp/CheckIncludeFile.c
Linking C executable cmTC_ad60e
/usr/bin/cmake -E cmake_link_script CMakeFiles/cmTC_ad60e.dir/link.txt --verbose=1
/usr/bin/cc      -rdynamic CMakeFiles/cmTC_ad60e.dir/CheckIncludeFile.c.o  -o cmTC_ad60e  -lm 
make[1]: se sale del directorio '/home/jorge/bls-hsm/json-c-build/CMakeFiles/CMakeTmp'



Determining if files stdlib.h;stdarg.h;string.h;float.h exist passed with the following output:
Change Dir: /home/jorge/bls-hsm/json-c-build/CMakeFiles/CMakeTmp

Run Build Command(s):/usr/bin/make cmTC_00f8d/fast && /usr/bin/make -f CMakeFiles/cmTC_00f8d.dir/build.make CMakeFiles/cmTC_00f8d.dir/build
make[1]: se entra en el directorio '/home/jorge/bls-hsm/json-c-build/CMakeFiles/CMakeTmp'
Building C object CMakeFiles/cmTC_00f8d.dir/STDC_HEADERS.c.o
/usr/bin/cc -D_GNU_SOURCE  -fPIE   -o CMakeFiles/cmTC_00f8d.dir/STDC_HEADERS.c.o   -c /home/jorge/bls-hsm/json-c-build/CMakeFiles/CheckIncludeFiles/STDC_HEADERS.c
Linking C executable cmTC_00f8d
/usr/bin/cmake -E cmake_link_script CMakeFiles/cmTC_00f8d.dir/link.txt --verbose=1
/usr/bin/cc      -rdynamic CMakeFiles/cmTC_00f8d.dir/STDC_HEADERS.c.o  -o cmTC_00f8d  -lm 
make[1]: se sale del directorio '/home/jorge/bls-hsm/json-c-build/CMakeFiles/CMakeTmp'



Determining if the include file unistd.h exists passed with the following output:
Change Dir: /home/jorge/bls-hsm/json-c-build/CMakeFiles/CMakeTmp

Run Build Command(s):/usr/bin/make cmTC_4c4db/fast && /usr/bin/make -f CMakeFiles/cmTC_4c4db.dir/build.make CMakeFiles/cmTC_4c4db.dir/build
make[1]: se entra en el directorio '/home/jorge/bls-hsm/json-c-build/CMakeFiles/CMakeTmp'
Building C object CMakeFiles/cmTC_4c4db.dir/CheckIncludeFile.c.o
/usr/bin/cc -D_GNU_SOURCE  -fPIE   -o CMakeFiles/cmTC_4c4db.dir/CheckIncludeFile.c.o   -c /home/jorge/bls-hsm/json-c-build/CMakeFiles/CMakeTmp/CheckIncludeFile.c
Linking C executable cmTC_4c4db
/usr/bin/cmake -E cmake_link_script CMakeFiles/cmTC_4c4db.dir/link.txt --verbose=1
/usr/bin/cc      -rdynamic CMakeFiles/cmTC_4c4db.dir/CheckIncludeFile.c.o  -o cmTC_4c4db  -lm 
make[1]: se sale del directorio '/home/jorge/bls-hsm/json-c-build/CMakeFiles/CMakeTmp'



Determining if the include file sys/types.h exists passed with the following output:
Change Dir: /home/jorge/bls-hsm/json-c-build/CMakeFiles/CMakeTmp

Run Build Command(s):/usr/bin/make cmTC_72566/fast && /usr/bin/make -f CMakeFiles/cmTC_72566.dir/build.make CMakeFiles/cmTC_72566.dir/build
make[1]: se entra en el directorio '/home/jorge/bls-hsm/json-c-build/CMakeFiles/CMakeTmp'
Building C object CMakeFiles/cmTC_72566.dir/CheckIncludeFile.c.o
/usr/bin/cc -D_GNU_SOURCE  -fPIE   -o CMakeFiles/cmTC_72566.dir/CheckIncludeFile.c.o   -c /home/jorge/bls-hsm/json-c-build/CMakeFiles/CMakeTmp/CheckIncludeFile.c
Linking C executable cmTC_72566
/usr/bin/cmake -E cmake_link_script CMakeFiles/cmTC_72566.dir/link.txt --verbose=1
/usr/bin/cc      -rdynamic CMakeFiles/cmTC_72566.dir/CheckIncludeFile.c.o  -o cmTC_72566  -lm 
make[1]: se sale del directorio '/home/jorge/bls-hsm/json-c-build/CMakeFiles/CMakeTmp'



Determining if the include file dlfcn.h exists passed with the following output:
Change Dir: /home/jorge/bls-hsm/json-c-build/CMakeFiles/CMakeTmp

Run Build Command(s):/usr/bin/make cmTC_111d1/fast && /usr/bin/make -f CMakeFiles/cmTC_111d1.dir/build.make CMakeFiles/cmTC_111d1.dir/build
make[1]: se entra en el directorio '/home/jorge/bls-hsm/json-c-build/CMakeFiles/CMakeTmp'
Building C object CMakeFiles/cmTC_111d1.dir/CheckIncludeFile.c.o
/usr/bin/cc -D_GNU_SOURCE  -fPIE   -o CMakeFiles/cmTC_111d1.dir/CheckIncludeFile.c.o   -c /home/jorge/bls-hsm/json-c-build/CMakeFiles/CMakeTmp/CheckIncludeFile.c
Linking C executable cmTC_111d1
/usr/bin/cmake -E cmake_link_script CMakeFiles/cmTC_111d1.dir/link.txt --verbose=1
/usr/bin/cc      -rdynamic CMakeFiles/cmTC_111d1.dir/CheckIncludeFile.c.o  -o cmTC_111d1  -lm 
make[1]: se sale del directorio '/home/jorge/bls-hsm/json-c-build/CMakeFiles/CMakeTmp'



Determining if the include file endian.h exists passed with the following output:
Change Dir: /home/jorge/bls-hsm/json-c-build/CMakeFiles/CMakeTmp

Run Build Command(s):/usr/bin/make cmTC_f106a/fast && /usr/bin/make -f CMakeFiles/cmTC_f106a.dir/build.make CMakeFiles/cmTC_f106a.dir/build
make[1]: se entra en el directorio '/home/jorge/bls-hsm/json-c-build/CMakeFiles/CMakeTmp'
Building C object CMakeFiles/cmTC_f106a.dir/CheckIncludeFile.c.o
/usr/bin/cc -D_GNU_SOURCE  -fPIE   -o CMakeFiles/cmTC_f106a.dir/CheckIncludeFile.c.o   -c /home/jorge/bls-hsm/json-c-build/CMakeFiles/CMakeTmp/CheckIncludeFile.c
Linking C executable cmTC_f106a
/usr/bin/cmake -E cmake_link_script CMakeFiles/cmTC_f106a.dir/link.txt --verbose=1
/usr/bin/cc      -rdynamic CMakeFiles/cmTC_f106a.dir/CheckIncludeFile.c.o  -o cmTC_f106a  -lm 
make[1]: se sale del directorio '/home/jorge/bls-hsm/json-c-build/CMakeFiles/CMakeTmp'



Determining if the include file limits.h exists passed with the following output:
Change Dir: /home/jorge/bls-hsm/json-c-build/CMakeFiles/CMakeTmp

Run Build Command(s):/usr/bin/make cmTC_c9932/fast && /usr/bin/make -f CMakeFiles/cmTC_c9932.dir/build.make CMakeFiles/cmTC_c9932.dir/build
make[1]: se entra en el directorio '/home/jorge/bls-hsm/json-c-build/CMakeFiles/CMakeTmp'
Building C object CMakeFiles/cmTC_c9932.dir/CheckIncludeFile.c.o
/usr/bin/cc -D_GNU_SOURCE  -fPIE   -o CMakeFiles/cmTC_c9932.dir/CheckIncludeFile.c.o   -c /home/jorge/bls-hsm/json-c-build/CMakeFiles/CMakeTmp/CheckIncludeFile.c
Linking C executable cmTC_c9932
/usr/bin/cmake -E cmake_link_script CMakeFiles/cmTC_c9932.dir/link.txt --verbose=1
/usr/bin/cc      -rdynamic CMakeFiles/cmTC_c9932.dir/CheckIncludeFile.c.o  -o cmTC_c9932  -lm 
make[1]: se sale del directorio '/home/jorge/bls-hsm/json-c-build/CMakeFiles/CMakeTmp'



Determining if the include file locale.h exists passed with the following output:
Change Dir: /home/jorge/bls-hsm/json-c-build/CMakeFiles/CMakeTmp

Run Build Command(s):/usr/bin/make cmTC_5e864/fast && /usr/bin/make -f CMakeFiles/cmTC_5e864.dir/build.make CMakeFiles/cmTC_5e864.dir/build
make[1]: se entra en el directorio '/home/jorge/bls-hsm/json-c-build/CMakeFiles/CMakeTmp'
Building C object CMakeFiles/cmTC_5e864.dir/CheckIncludeFile.c.o
/usr/bin/cc -D_GNU_SOURCE  -fPIE   -o CMakeFiles/cmTC_5e864.dir/CheckIncludeFile.c.o   -c /home/jorge/bls-hsm/json-c-build/CMakeFiles/CMakeTmp/CheckIncludeFile.c
Linking C executable cmTC_5e864
/usr/bin/cmake -E cmake_link_script CMakeFiles/cmTC_5e864.dir/link.txt --verbose=1
/usr/bin/cc      -rdynamic CMakeFiles/cmTC_5e864.dir/CheckIncludeFile.c.o  -o cmTC_5e864  -lm 
make[1]: se sale del directorio '/home/jorge/bls-hsm/json-c-build/CMakeFiles/CMakeTmp'



Determining if the include file memory.h exists passed with the following output:
Change Dir: /home/jorge/bls-hsm/json-c-build/CMakeFiles/CMakeTmp

Run Build Command(s):/usr/bin/make cmTC_099b8/fast && /usr/bin/make -f CMakeFiles/cmTC_099b8.dir/build.make CMakeFiles/cmTC_099b8.dir/build
make[1]: se entra en el directorio '/home/jorge/bls-hsm/json-c-build/CMakeFiles/CMakeTmp'
Building C object CMakeFiles/cmTC_099b8.dir/CheckIncludeFile.c.o
/usr/bin/cc -D_GNU_SOURCE  -fPIE   -o CMakeFiles/cmTC_099b8.dir/CheckIncludeFile.c.o   -c /home/jorge/bls-hsm/json-c-build/CMakeFiles/CMakeTmp/CheckIncludeFile.c
Linking C executable cmTC_099b8
/usr/bin/cmake -E cmake_link_script CMakeFiles/cmTC_099b8.dir/link.txt --verbose=1
/usr/bin/cc      -rdynamic CMakeFiles/cmTC_099b8.dir/CheckIncludeFile.c.o  -o cmTC_099b8  -lm 
make[1]: se sale del directorio '/home/jorge/bls-hsm/json-c-build/CMakeFiles/CMakeTmp'



Determining if the include file stdint.h exists passed with the following output:
Change Dir: /home/jorge/bls-hsm/json-c-build/CMakeFiles/CMakeTmp

Run Build Command(s):/usr/bin/make cmTC_88137/fast && /usr/bin/make -f CMakeFiles/cmTC_88137.dir/build.make CMakeFiles/cmTC_88137.dir/build
make[1]: se entra en el directorio '/home/jorge/bls-hsm/json-c-build/CMakeFiles/CMakeTmp'
Building C object CMakeFiles/cmTC_88137.dir/CheckIncludeFile.c.o
/usr/bin/cc -D_GNU_SOURCE  -fPIE   -o CMakeFiles/cmTC_88137.dir/CheckIncludeFile.c.o   -c /home/jorge/bls-hsm/json-c-build/CMakeFiles/CMakeTmp/CheckIncludeFile.c
Linking C executable cmTC_88137
/usr/bin/cmake -E cmake_link_script CMakeFiles/cmTC_88137.dir/link.txt --verbose=1
/usr/bin/cc      -rdynamic CMakeFiles/cmTC_88137.dir/CheckIncludeFile.c.o  -o cmTC_88137  -lm 
make[1]: se sale del directorio '/home/jorge/bls-hsm/json-c-build/CMakeFiles/CMakeTmp'



Determining if the include file stdlib.h exists passed with the following output:
Change Dir: /home/jorge/bls-hsm/json-c-build/CMakeFiles/CMakeTmp

Run Build Command(s):/usr/bin/make cmTC_a2e53/fast && /usr/bin/make -f CMakeFiles/cmTC_a2e53.dir/build.make CMakeFiles/cmTC_a2e53.dir/build
make[1]: se entra en el directorio '/home/jorge/bls-hsm/json-c-build/CMakeFiles/CMakeTmp'
Building C object CMakeFiles/cmTC_a2e53.dir/CheckIncludeFile.c.o
/usr/bin/cc -D_GNU_SOURCE  -fPIE   -o CMakeFiles/cmTC_a2e53.dir/CheckIncludeFile.c.o   -c /home/jorge/bls-hsm/json-c-build/CMakeFiles/CMakeTmp/CheckIncludeFile.c
Linking C executable cmTC_a2e53
/usr/bin/cmake -E cmake_link_script CMakeFiles/cmTC_a2e53.dir/link.txt --verbose=1
/usr/bin/cc      -rdynamic CMakeFiles/cmTC_a2e53.dir/CheckIncludeFile.c.o  -o cmTC_a2e53  -lm 
make[1]: se sale del directorio '/home/jorge/bls-hsm/json-c-build/CMakeFiles/CMakeTmp'



Determining if the include file sys/cdefs.h exists passed with the following output:
Change Dir: /home/jorge/bls-hsm/json-c-build/CMakeFiles/CMakeTmp

Run Build Command(s):/usr/bin/make cmTC_2c9fc/fast && /usr/bin/make -f CMakeFiles/cmTC_2c9fc.dir/build.make CMakeFiles/cmTC_2c9fc.dir/build
make[1]: se entra en el directorio '/home/jorge/bls-hsm/json-c-build/CMakeFiles/CMakeTmp'
Building C object CMakeFiles/cmTC_2c9fc.dir/CheckIncludeFile.c.o
/usr/bin/cc -D_GNU_SOURCE  -fPIE   -o CMakeFiles/cmTC_2c9fc.dir/CheckIncludeFile.c.o   -c /home/jorge/bls-hsm/json-c-build/CMakeFiles/CMakeTmp/CheckIncludeFile.c
Linking C executable cmTC_2c9fc
/usr/bin/cmake -E cmake_link_script CMakeFiles/cmTC_2c9fc.dir/link.txt --verbose=1
/usr/bin/cc      -rdynamic CMakeFiles/cmTC_2c9fc.dir/CheckIncludeFile.c.o  -o cmTC_2c9fc  -lm 
make[1]: se sale del directorio '/home/jorge/bls-hsm/json-c-build/CMakeFiles/CMakeTmp'



Determining if the include file sys/param.h exists passed with the following output:
Change Dir: /home/jorge/bls-hsm/json-c-build/CMakeFiles/CMakeTmp

Run Build Command(s):/usr/bin/make cmTC_cbcc8/fast && /usr/bin/make -f CMakeFiles/cmTC_cbcc8.dir/build.make CMakeFiles/cmTC_cbcc8.dir/build
make[1]: se entra en el directorio '/home/jorge/bls-hsm/json-c-build/CMakeFiles/CMakeTmp'
Building C object CMakeFiles/cmTC_cbcc8.dir/CheckIncludeFile.c.o
/usr/bin/cc -D_GNU_SOURCE  -fPIE   -o CMakeFiles/cmTC_cbcc8.dir/CheckIncludeFile.c.o   -c /home/jorge/bls-hsm/json-c-build/CMakeFiles/CMakeTmp/CheckIncludeFile.c
Linking C executable cmTC_cbcc8
/usr/bin/cmake -E cmake_link_script CMakeFiles/cmTC_cbcc8.dir/link.txt --verbose=1
/usr/bin/cc      -rdynamic CMakeFiles/cmTC_cbcc8.dir/CheckIncludeFile.c.o  -o cmTC_cbcc8  -lm 
make[1]: se sale del directorio '/home/jorge/bls-hsm/json-c-build/CMakeFiles/CMakeTmp'



Determining if the include file sys/random.h exists passed with the following output:
Change Dir: /home/jorge/bls-hsm/json-c-build/CMakeFiles/CMakeTmp

Run Build Command(s):/usr/bin/make cmTC_049ca/fast && /usr/bin/make -f CMakeFiles/cmTC_049ca.dir/build.make CMakeFiles/cmTC_049ca.dir/build
make[1]: se entra en el directorio '/home/jorge/bls-hsm/json-c-build/CMakeFiles/CMakeTmp'
Building C object CMakeFiles/cmTC_049ca.dir/CheckIncludeFile.c.o
/usr/bin/cc -D_GNU_SOURCE  -fPIE   -o CMakeFiles/cmTC_049ca.dir/CheckIncludeFile.c.o   -c /home/jorge/bls-hsm/json-c-build/CMakeFiles/CMakeTmp/CheckIncludeFile.c
Linking C executable cmTC_049ca
/usr/bin/cmake -E cmake_link_script CMakeFiles/cmTC_049ca.dir/link.txt --verbose=1
/usr/bin/cc      -rdynamic CMakeFiles/cmTC_049ca.dir/CheckIncludeFile.c.o  -o cmTC_049ca  -lm 
make[1]: se sale del directorio '/home/jorge/bls-hsm/json-c-build/CMakeFiles/CMakeTmp'



Determining if the include file sys/stat.h exists passed with the following output:
Change Dir: /home/jorge/bls-hsm/json-c-build/CMakeFiles/CMakeTmp

Run Build Command(s):/usr/bin/make cmTC_f62a8/fast && /usr/bin/make -f CMakeFiles/cmTC_f62a8.dir/build.make CMakeFiles/cmTC_f62a8.dir/build
make[1]: se entra en el directorio '/home/jorge/bls-hsm/json-c-build/CMakeFiles/CMakeTmp'
Building C object CMakeFiles/cmTC_f62a8.dir/CheckIncludeFile.c.o
/usr/bin/cc -D_GNU_SOURCE  -fPIE   -o CMakeFiles/cmTC_f62a8.dir/CheckIncludeFile.c.o   -c /home/jorge/bls-hsm/json-c-build/CMakeFiles/CMakeTmp/CheckIncludeFile.c
Linking C executable cmTC_f62a8
/usr/bin/cmake -E cmake_link_script CMakeFiles/cmTC_f62a8.dir/link.txt --verbose=1
/usr/bin/cc      -rdynamic CMakeFiles/cmTC_f62a8.dir/CheckIncludeFile.c.o  -o cmTC_f62a8  -lm 
make[1]: se sale del directorio '/home/jorge/bls-hsm/json-c-build/CMakeFiles/CMakeTmp'



Determining if the INFINITY exist passed with the following output:
Change Dir: /home/jorge/bls-hsm/json-c-build/CMakeFiles/CMakeTmp

Run Build Command(s):/usr/bin/make cmTC_fd103/fast && /usr/bin/make -f CMakeFiles/cmTC_fd103.dir/build.make CMakeFiles/cmTC_fd103.dir/build
make[1]: se entra en el directorio '/home/jorge/bls-hsm/json-c-build/CMakeFiles/CMakeTmp'
Building C object CMakeFiles/cmTC_fd103.dir/CheckSymbolExists.c.o
/usr/bin/cc -D_GNU_SOURCE  -fPIE   -o CMakeFiles/cmTC_fd103.dir/CheckSymbolExists.c.o   -c /home/jorge/bls-hsm/json-c-build/CMakeFiles/CMakeTmp/CheckSymbolExists.c
Linking C executable cmTC_fd103
/usr/bin/cmake -E cmake_link_script CMakeFiles/cmTC_fd103.dir/link.txt --verbose=1
/usr/bin/cc      -rdynamic CMakeFiles/cmTC_fd103.dir/CheckSymbolExists.c.o  -o cmTC_fd103  -lm 
make[1]: se sale del directorio '/home/jorge/bls-hsm/json-c-build/CMakeFiles/CMakeTmp'


File /home/jorge/bls-hsm/json-c-build/CMakeFiles/CMakeTmp/CheckSymbolExists.c:
/* */
#include <math.h>

int main(int argc, char** argv)
{
  (void)argv;
#ifndef INFINITY
  return ((int*)(&INFINITY))[argc];
#else
  (void)argc;
  return 0;
#endif
}
Determining if the isinf exist passed with the following output:
Change Dir: /home/jorge/bls-hsm/json-c-build/CMakeFiles/CMakeTmp

Run Build Command(s):/usr/bin/make cmTC_439d2/fast && /usr/bin/make -f CMakeFiles/cmTC_439d2.dir/build.make CMakeFiles/cmTC_439d2.dir/build
make[1]: se entra en el directorio '/home/jorge/bls-hsm/json-c-build/CMakeFiles/CMakeTmp'
Building C object CMakeFiles/cmTC_439d2.dir/CheckSymbolExists.c.o
/usr/bin/cc -D_GNU_SOURCE  -fPIE   -o CMakeFiles/cmTC_439d2.dir/CheckSymbolExists.c.o   -c /home/jorge/bls-hsm/json-c-build/CMakeFiles/CMakeTmp/CheckSymbolExists.c
Linking C executable cmTC_439d2
/usr/bin/cmake -E cmake_link_script CMakeFiles/cmTC_439d2.dir/link.txt --verbose=1
/usr/bin/cc      -rdynamic CMakeFiles/cmTC_439d2.dir/CheckSymbolExists.c.o  -o cmTC_439d2  -lm 
make[1]: se sale del directorio '/home/jorge/bls-hsm/json-c-build/CMakeFiles/CMakeTmp'


File /home/jorge/bls-hsm/json-c-build/CMakeFiles/CMakeTmp/CheckSymbolExists.c:
/* */
#include <math.h>

int main(int argc, char** argv)
{
  (void)argv;
#ifndef isinf
  return ((int*)(&isinf))[argc];
#else
  (void)argc;
  return 0;
#endif
}
Determining if the isnan exist passed with the following output:
Change Dir: /home/jorge/bls-hsm/json-c-build/CMakeFiles/CMakeTmp

Run Build Command(s):/usr/bin/make cmTC_6b972/fast && /usr/bin/make -f CMakeFiles/cmTC_6b972.dir/build.make CMakeFiles/cmTC_6b972.dir/build
make[1]: se entra en el directorio '/home/jorge/bls-hsm/json-c-build/CMakeFiles/CMakeTmp'
Building C object CMakeFiles/cmTC_6b972.dir/CheckSymbolExists.c.o
/usr/bin/cc -D_GNU_SOURCE  -fPIE   -o CMakeFiles/cmTC_6b972.dir/CheckSymbolExists.c.o   -c /home/jorge/bls-hsm/json-c-build/CMakeFiles/CMakeTmp/CheckSymbolExists.c
Linking C executable cmTC_6b972
/usr/bin/cmake -E cmake_link_script CMakeFiles/cmTC_6b972.dir/link.txt --verbose=1
/usr/bin/cc      -rdynamic CMakeFiles/cmTC_6b972.dir/CheckSymbolExists.c.o  -o cmTC_6b972  -lm 
make[1]: se sale del directorio '/home/jorge/bls-hsm/json-c-build/CMakeFiles/CMakeTmp'


File /home/jorge/bls-hsm/json-c-build/CMakeFiles/CMakeTmp/CheckSymbolExists.c:
/* */
#include <math.h>

int main(int argc, char** argv)
{
  (void)argv;
#ifndef isnan
  return ((int*)(&isnan))[argc];
#else
  (void)argc;
  return 0;
#endif
}
Determining if the nan exist passed with the following output:
Change Dir: /home/jorge/bls-hsm/json-c-build/CMakeFiles/CMakeTmp

Run Build Command(s):/usr/bin/make cmTC_da6e7/fast && /usr/bin/make -f CMakeFiles/cmTC_da6e7.dir/build.make CMakeFiles/cmTC_da6e7.dir/build
make[1]: se entra en el directorio '/home/jorge/bls-hsm/json-c-build/CMakeFiles/CMakeTmp'
Building C object CMakeFiles/cmTC_da6e7.dir/CheckSymbolExists.c.o
/usr/bin/cc -D_GNU_SOURCE  -fPIE   -o CMakeFiles/cmTC_da6e7.dir/CheckSymbolExists.c.o   -c /home/jorge/bls-hsm/json-c-build/CMakeFiles/CMakeTmp/CheckSymbolExists.c
Linking C executable cmTC_da6e7
/usr/bin/cmake -E cmake_link_script CMakeFiles/cmTC_da6e7.dir/link.txt --verbose=1
/usr/bin/cc      -rdynamic CMakeFiles/cmTC_da6e7.dir/CheckSymbolExists.c.o  -o cmTC_da6e7  -lm 
make[1]: se sale del directorio '/home/jorge/bls-hsm/json-c-build/CMakeFiles/CMakeTmp'


File /home/jorge/bls-hsm/json-c-build/CMakeFiles/CMakeTmp/CheckSymbolExists.c:
/* */
#include <math.h>

int main(int argc, char** argv)
{
  (void)argv;
#ifndef nan
  return ((int*)(&nan))[argc];
#else
  (void)argc;
  return 0;
#endif
}
Determining if the snprintf exist passed with the following output:
Change Dir: /home/jorge/bls-hsm/json-c-build/CMakeFiles/CMakeTmp

Run Build Command(s):/usr/bin/make cmTC_64883/fast && /usr/bin/make -f CMakeFiles/cmTC_64883.dir/build.make CMakeFiles/cmTC_64883.dir/build
make[1]: se entra en el directorio '/home/jorge/bls-hsm/json-c-build/CMakeFiles/CMakeTmp'
Building C object CMakeFiles/cmTC_64883.dir/CheckSymbolExists.c.o
/usr/bin/cc -D_GNU_SOURCE  -fPIE   -o CMakeFiles/cmTC_64883.dir/CheckSymbolExists.c.o   -c /home/jorge/bls-hsm/json-c-build/CMakeFiles/CMakeTmp/CheckSymbolExists.c
Linking C executable cmTC_64883
/usr/bin/cmake -E cmake_link_script CMakeFiles/cmTC_64883.dir/link.txt --verbose=1
/usr/bin/cc      -rdynamic CMakeFiles/cmTC_64883.dir/CheckSymbolExists.c.o  -o cmTC_64883  -lm 
make[1]: se sale del directorio '/home/jorge/bls-hsm/json-c-build/CMakeFiles/CMakeTmp'


File /home/jorge/bls-hsm/json-c-build/CMakeFiles/CMakeTmp/CheckSymbolExists.c:
/* */
#include <stdio.h>

int main(int argc, char** argv)
{
  (void)argv;
#ifndef snprintf
  return ((int*)(&snprintf))[argc];
#else
  (void)argc;
  return 0;
#endif
}
Determining if the vasprintf exist passed with the following output:
Change Dir: /home/jorge/bls-hsm/json-c-build/CMakeFiles/CMakeTmp

Run Build Command(s):/usr/bin/make cmTC_49d99/fast && /usr/bin/make -f CMakeFiles/cmTC_49d99.dir/build.make CMakeFiles/cmTC_49d99.dir/build
make[1]: se entra en el directorio '/home/jorge/bls-hsm/json-c-build/CMakeFiles/CMakeTmp'
Building C object CMakeFiles/cmTC_49d99.dir/CheckSymbolExists.c.o
/usr/bin/cc -D_GNU_SOURCE  -fPIE   -o CMakeFiles/cmTC_49d99.dir/CheckSymbolExists.c.o   -c /home/jorge/bls-hsm/json-c-build/CMakeFiles/CMakeTmp/CheckSymbolExists.c
Linking C executable cmTC_49d99
/usr/bin/cmake -E cmake_link_script CMakeFiles/cmTC_49d99.dir/link.txt --verbose=1
/usr/bin/cc      -rdynamic CMakeFiles/cmTC_49d99.dir/CheckSymbolExists.c.o  -o cmTC_49d99  -lm 
make[1]: se sale del directorio '/home/jorge/bls-hsm/json-c-build/CMakeFiles/CMakeTmp'


File /home/jorge/bls-hsm/json-c-build/CMakeFiles/CMakeTmp/CheckSymbolExists.c:
/* */
#include <stdio.h>

int main(int argc, char** argv)
{
  (void)argv;
#ifndef vasprintf
  return ((int*)(&vasprintf))[argc];
#else
  (void)argc;
  return 0;
#endif
}
Determining if the vsnprintf exist passed with the following output:
Change Dir: /home/jorge/bls-hsm/json-c-build/CMakeFiles/CMakeTmp

Run Build Command(s):/usr/bin/make cmTC_b42db/fast && /usr/bin/make -f CMakeFiles/cmTC_b42db.dir/build.make CMakeFiles/cmTC_b42db.dir/build
make[1]: se entra en el directorio '/home/jorge/bls-hsm/json-c-build/CMakeFiles/CMakeTmp'
Building C object CMakeFiles/cmTC_b42db.dir/CheckSymbolExists.c.o
/usr/bin/cc -D_GNU_SOURCE  -fPIE   -o CMakeFiles/cmTC_b42db.dir/CheckSymbolExists.c.o   -c /home/jorge/bls-hsm/json-c-build/CMakeFiles/CMakeTmp/CheckSymbolExists.c
Linking C executable cmTC_b42db
/usr/bin/cmake -E cmake_link_script CMakeFiles/cmTC_b42db.dir/link.txt --verbose=1
/usr/bin/cc      -rdynamic CMakeFiles/cmTC_b42db.dir/CheckSymbolExists.c.o  -o cmTC_b42db  -lm 
make[1]: se sale del directorio '/home/jorge/bls-hsm/json-c-build/CMakeFiles/CMakeTmp'


File /home/jorge/bls-hsm/json-c-build/CMakeFiles/CMakeTmp/CheckSymbolExists.c:
/* */
#include <stdio.h>

int main(int argc, char** argv)
{
  (void)argv;
#ifndef vsnprintf
  return ((int*)(&vsnprintf))[argc];
#else
  (void)argc;
  return 0;
#endif
}
Determining if the vprintf exist passed with the following output:
Change Dir: /home/jorge/bls-hsm/json-c-build/CMakeFiles/CMakeTmp

Run Build Command(s):/usr/bin/make cmTC_33c03/fast && /usr/bin/make -f CMakeFiles/cmTC_33c03.dir/build.make CMakeFiles/cmTC_33c03.dir/build
make[1]: se entra en el directorio '/home/jorge/bls-hsm/json-c-build/CMakeFiles/CMakeTmp'
Building C object CMakeFiles/cmTC_33c03.dir/CheckSymbolExists.c.o
/usr/bin/cc -D_GNU_SOURCE  -fPIE   -o CMakeFiles/cmTC_33c03.dir/CheckSymbolExists.c.o   -c /home/jorge/bls-hsm/json-c-build/CMakeFiles/CMakeTmp/CheckSymbolExists.c
Linking C executable cmTC_33c03
/usr/bin/cmake -E cmake_link_script CMakeFiles/cmTC_33c03.dir/link.txt --verbose=1
/usr/bin/cc      -rdynamic CMakeFiles/cmTC_33c03.dir/CheckSymbolExists.c.o  -o cmTC_33c03  -lm 
make[1]: se sale del directorio '/home/jorge/bls-hsm/json-c-build/CMakeFiles/CMakeTmp'


File /home/jorge/bls-hsm/json-c-build/CMakeFiles/CMakeTmp/CheckSymbolExists.c:
/* */
#include <stdio.h>

int main(int argc, char** argv)
{
  (void)argv;
#ifndef vprintf
  return ((int*)(&vprintf))[argc];
#else
  (void)argc;
  return 0;
#endif
}
Determining if the open exist passed with the following output:
Change Dir: /home/jorge/bls-hsm/json-c-build/CMakeFiles/CMakeTmp

Run Build Command(s):/usr/bin/make cmTC_f2ab1/fast && /usr/bin/make -f CMakeFiles/cmTC_f2ab1.dir/build.make CMakeFiles/cmTC_f2ab1.dir/build
make[1]: se entra en el directorio '/home/jorge/bls-hsm/json-c-build/CMakeFiles/CMakeTmp'
Building C object CMakeFiles/cmTC_f2ab1.dir/CheckSymbolExists.c.o
/usr/bin/cc -D_GNU_SOURCE  -fPIE   -o CMakeFiles/cmTC_f2ab1.dir/CheckSymbolExists.c.o   -c /home/jorge/bls-hsm/json-c-build/CMakeFiles/CMakeTmp/CheckSymbolExists.c
Linking C executable cmTC_f2ab1
/usr/bin/cmake -E cmake_link_script CMakeFiles/cmTC_f2ab1.dir/link.txt --verbose=1
/usr/bin/cc      -rdynamic CMakeFiles/cmTC_f2ab1.dir/CheckSymbolExists.c.o  -o cmTC_f2ab1  -lm 
make[1]: se sale del directorio '/home/jorge/bls-hsm/json-c-build/CMakeFiles/CMakeTmp'


File /home/jorge/bls-hsm/json-c-build/CMakeFiles/CMakeTmp/CheckSymbolExists.c:
/* */
#include <fcntl.h>

int main(int argc, char** argv)
{
  (void)argv;
#ifndef open
  return ((int*)(&open))[argc];
#else
  (void)argc;
  return 0;
#endif
}
Determining if the realloc exist passed with the following output:
Change Dir: /home/jorge/bls-hsm/json-c-build/CMakeFiles/CMakeTmp

Run Build Command(s):/usr/bin/make cmTC_5b68e/fast && /usr/bin/make -f CMakeFiles/cmTC_5b68e.dir/build.make CMakeFiles/cmTC_5b68e.dir/build
make[1]: se entra en el directorio '/home/jorge/bls-hsm/json-c-build/CMakeFiles/CMakeTmp'
Building C object CMakeFiles/cmTC_5b68e.dir/CheckSymbolExists.c.o
/usr/bin/cc -D_GNU_SOURCE  -fPIE   -o CMakeFiles/cmTC_5b68e.dir/CheckSymbolExists.c.o   -c /home/jorge/bls-hsm/json-c-build/CMakeFiles/CMakeTmp/CheckSymbolExists.c
Linking C executable cmTC_5b68e
/usr/bin/cmake -E cmake_link_script CMakeFiles/cmTC_5b68e.dir/link.txt --verbose=1
/usr/bin/cc      -rdynamic CMakeFiles/cmTC_5b68e.dir/CheckSymbolExists.c.o  -o cmTC_5b68e  -lm 
make[1]: se sale del directorio '/home/jorge/bls-hsm/json-c-build/CMakeFiles/CMakeTmp'


File /home/jorge/bls-hsm/json-c-build/CMakeFiles/CMakeTmp/CheckSymbolExists.c:
/* */
#include <stdlib.h>

int main(int argc, char** argv)
{
  (void)argv;
#ifndef realloc
  return ((int*)(&realloc))[argc];
#else
  (void)argc;
  return 0;
#endif
}
Determining if the setlocale exist passed with the following output:
Change Dir: /home/jorge/bls-hsm/json-c-build/CMakeFiles/CMakeTmp

Run Build Command(s):/usr/bin/make cmTC_1fad4/fast && /usr/bin/make -f CMakeFiles/cmTC_1fad4.dir/build.make CMakeFiles/cmTC_1fad4.dir/build
make[1]: se entra en el directorio '/home/jorge/bls-hsm/json-c-build/CMakeFiles/CMakeTmp'
Building C object CMakeFiles/cmTC_1fad4.dir/CheckSymbolExists.c.o
/usr/bin/cc -D_GNU_SOURCE  -fPIE   -o CMakeFiles/cmTC_1fad4.dir/CheckSymbolExists.c.o   -c /home/jorge/bls-hsm/json-c-build/CMakeFiles/CMakeTmp/CheckSymbolExists.c
Linking C executable cmTC_1fad4
/usr/bin/cmake -E cmake_link_script CMakeFiles/cmTC_1fad4.dir/link.txt --verbose=1
/usr/bin/cc      -rdynamic CMakeFiles/cmTC_1fad4.dir/CheckSymbolExists.c.o  -o cmTC_1fad4  -lm 
make[1]: se sale del directorio '/home/jorge/bls-hsm/json-c-build/CMakeFiles/CMakeTmp'


File /home/jorge/bls-hsm/json-c-build/CMakeFiles/CMakeTmp/CheckSymbolExists.c:
/* */
#include <locale.h>

int main(int argc, char** argv)
{
  (void)argv;
#ifndef setlocale
  return ((int*)(&setlocale))[argc];
#else
  (void)argc;
  return 0;
#endif
}
Determining if the uselocale exist passed with the following output:
Change Dir: /home/jorge/bls-hsm/json-c-build/CMakeFiles/CMakeTmp

Run Build Command(s):/usr/bin/make cmTC_95171/fast && /usr/bin/make -f CMakeFiles/cmTC_95171.dir/build.make CMakeFiles/cmTC_95171.dir/build
make[1]: se entra en el directorio '/home/jorge/bls-hsm/json-c-build/CMakeFiles/CMakeTmp'
Building C object CMakeFiles/cmTC_95171.dir/CheckSymbolExists.c.o
/usr/bin/cc -D_GNU_SOURCE  -fPIE   -o CMakeFiles/cmTC_95171.dir/CheckSymbolExists.c.o   -c /home/jorge/bls-hsm/json-c-build/CMakeFiles/CMakeTmp/CheckSymbolExists.c
Linking C executable cmTC_95171
/usr/bin/cmake -E cmake_link_script CMakeFiles/cmTC_95171.dir/link.txt --verbose=1
/usr/bin/cc      -rdynamic CMakeFiles/cmTC_95171.dir/CheckSymbolExists.c.o  -o cmTC_95171  -lm 
make[1]: se sale del directorio '/home/jorge/bls-hsm/json-c-build/CMakeFiles/CMakeTmp'


File /home/jorge/bls-hsm/json-c-build/CMakeFiles/CMakeTmp/CheckSymbolExists.c:
/* */
#include <locale.h>

int main(int argc, char** argv)
{
  (void)argv;
#ifndef uselocale
  return ((int*)(&uselocale))[argc];
#else
  (void)argc;
  return 0;
#endif
}
Determining if the strcasecmp exist passed with the following output:
Change Dir: /home/jorge/bls-hsm/json-c-build/CMakeFiles/CMakeTmp

Run Build Command(s):/usr/bin/make cmTC_03570/fast && /usr/bin/make -f CMakeFiles/cmTC_03570.dir/build.make CMakeFiles/cmTC_03570.dir/build
make[1]: se entra en el directorio '/home/jorge/bls-hsm/json-c-build/CMakeFiles/CMakeTmp'
Building C object CMakeFiles/cmTC_03570.dir/CheckSymbolExists.c.o
/usr/bin/cc -D_GNU_SOURCE  -fPIE   -o CMakeFiles/cmTC_03570.dir/CheckSymbolExists.c.o   -c /home/jorge/bls-hsm/json-c-build/CMakeFiles/CMakeTmp/CheckSymbolExists.c
Linking C executable cmTC_03570
/usr/bin/cmake -E cmake_link_script CMakeFiles/cmTC_03570.dir/link.txt --verbose=1
/usr/bin/cc      -rdynamic CMakeFiles/cmTC_03570.dir/CheckSymbolExists.c.o  -o cmTC_03570  -lm 
make[1]: se sale del directorio '/home/jorge/bls-hsm/json-c-build/CMakeFiles/CMakeTmp'


File /home/jorge/bls-hsm/json-c-build/CMakeFiles/CMakeTmp/CheckSymbolExists.c:
/* */
#include <strings.h>

int main(int argc, char** argv)
{
  (void)argv;
#ifndef strcasecmp
  return ((int*)(&strcasecmp))[argc];
#else
  (void)argc;
  return 0;
#endif
}
Determining if the strncasecmp exist passed with the following output:
Change Dir: /home/jorge/bls-hsm/json-c-build/CMakeFiles/CMakeTmp

Run Build Command(s):/usr/bin/make cmTC_06c96/fast && /usr/bin/make -f CMakeFiles/cmTC_06c96.dir/build.make CMakeFiles/cmTC_06c96.dir/build
make[1]: se entra en el directorio '/home/jorge/bls-hsm/json-c-build/CMakeFiles/CMakeTmp'
Building C object CMakeFiles/cmTC_06c96.dir/CheckSymbolExists.c.o
/usr/bin/cc -D_GNU_SOURCE  -fPIE   -o CMakeFiles/cmTC_06c96.dir/CheckSymbolExists.c.o   -c /home/jorge/bls-hsm/json-c-build/CMakeFiles/CMakeTmp/CheckSymbolExists.c
Linking C executable cmTC_06c96
/usr/bin/cmake -E cmake_link_script CMakeFiles/cmTC_06c96.dir/link.txt --verbose=1
/usr/bin/cc      -rdynamic CMakeFiles/cmTC_06c96.dir/CheckSymbolExists.c.o  -o cmTC_06c96  -lm 
make[1]: se sale del directorio '/home/jorge/bls-hsm/json-c-build/CMakeFiles/CMakeTmp'


File /home/jorge/bls-hsm/json-c-build/CMakeFiles/CMakeTmp/CheckSymbolExists.c:
/* */
#include <strings.h>

int main(int argc, char** argv)
{
  (void)argv;
#ifndef strncasecmp
  return ((int*)(&strncasecmp))[argc];
#else
  (void)argc;
  return 0;
#endif
}
Determining if the strdup exist passed with the following output:
Change Dir: /home/jorge/bls-hsm/json-c-build/CMakeFiles/CMakeTmp

Run Build Command(s):/usr/bin/make cmTC_b39a7/fast && /usr/bin/make -f CMakeFiles/cmTC_b39a7.dir/build.make CMakeFiles/cmTC_b39a7.dir/build
make[1]: se entra en el directorio '/home/jorge/bls-hsm/json-c-build/CMakeFiles/CMakeTmp'
Building C object CMakeFiles/cmTC_b39a7.dir/CheckSymbolExists.c.o
/usr/bin/cc -D_GNU_SOURCE  -fPIE   -o CMakeFiles/cmTC_b39a7.dir/CheckSymbolExists.c.o   -c /home/jorge/bls-hsm/json-c-build/CMakeFiles/CMakeTmp/CheckSymbolExists.c
Linking C executable cmTC_b39a7
/usr/bin/cmake -E cmake_link_script CMakeFiles/cmTC_b39a7.dir/link.txt --verbose=1
/usr/bin/cc      -rdynamic CMakeFiles/cmTC_b39a7.dir/CheckSymbolExists.c.o  -o cmTC_b39a7  -lm 
make[1]: se sale del directorio '/home/jorge/bls-hsm/json-c-build/CMakeFiles/CMakeTmp'


File /home/jorge/bls-hsm/json-c-build/CMakeFiles/CMakeTmp/CheckSymbolExists.c:
/* */
#include <string.h>

int main(int argc, char** argv)
{
  (void)argv;
#ifndef strdup
  return ((int*)(&strdup))[argc];
#else
  (void)argc;
  return 0;
#endif
}
Determining if the strerror exist passed with the following output:
Change Dir: /home/jorge/bls-hsm/json-c-build/CMakeFiles/CMakeTmp

Run Build Command(s):/usr/bin/make cmTC_f81a6/fast && /usr/bin/make -f CMakeFiles/cmTC_f81a6.dir/build.make CMakeFiles/cmTC_f81a6.dir/build
make[1]: se entra en el directorio '/home/jorge/bls-hsm/json-c-build/CMakeFiles/CMakeTmp'
Building C object CMakeFiles/cmTC_f81a6.dir/CheckSymbolExists.c.o
/usr/bin/cc -D_GNU_SOURCE  -fPIE   -o CMakeFiles/cmTC_f81a6.dir/CheckSymbolExists.c.o   -c /home/jorge/bls-hsm/json-c-build/CMakeFiles/CMakeTmp/CheckSymbolExists.c
Linking C executable cmTC_f81a6
/usr/bin/cmake -E cmake_link_script CMakeFiles/cmTC_f81a6.dir/link.txt --verbose=1
/usr/bin/cc      -rdynamic CMakeFiles/cmTC_f81a6.dir/CheckSymbolExists.c.o  -o cmTC_f81a6  -lm 
make[1]: se sale del directorio '/home/jorge/bls-hsm/json-c-build/CMakeFiles/CMakeTmp'


File /home/jorge/bls-hsm/json-c-build/CMakeFiles/CMakeTmp/CheckSymbolExists.c:
/* */
#include <string.h>

int main(int argc, char** argv)
{
  (void)argv;
#ifndef strerror
  return ((int*)(&strerror))[argc];
#else
  (void)argc;
  return 0;
#endif
}
Determining if the vsyslog exist passed with the following output:
Change Dir: /home/jorge/bls-hsm/json-c-build/CMakeFiles/CMakeTmp

Run Build Command(s):/usr/bin/make cmTC_eae58/fast && /usr/bin/make -f CMakeFiles/cmTC_eae58.dir/build.make CMakeFiles/cmTC_eae58.dir/build
make[1]: se entra en el directorio '/home/jorge/bls-hsm/json-c-build/CMakeFiles/CMakeTmp'
Building C object CMakeFiles/cmTC_eae58.dir/CheckSymbolExists.c.o
/usr/bin/cc -D_GNU_SOURCE  -fPIE   -o CMakeFiles/cmTC_eae58.dir/CheckSymbolExists.c.o   -c /home/jorge/bls-hsm/json-c-build/CMakeFiles/CMakeTmp/CheckSymbolExists.c
Linking C executable cmTC_eae58
/usr/bin/cmake -E cmake_link_script CMakeFiles/cmTC_eae58.dir/link.txt --verbose=1
/usr/bin/cc      -rdynamic CMakeFiles/cmTC_eae58.dir/CheckSymbolExists.c.o  -o cmTC_eae58  -lm 
make[1]: se sale del directorio '/home/jorge/bls-hsm/json-c-build/CMakeFiles/CMakeTmp'


File /home/jorge/bls-hsm/json-c-build/CMakeFiles/CMakeTmp/CheckSymbolExists.c:
/* */
#include <syslog.h>

int main(int argc, char** argv)
{
  (void)argv;
#ifndef vsyslog
  return ((int*)(&vsyslog))[argc];
#else
  (void)argc;
  return 0;
#endif
}
Determining if the getrandom exist passed with the following output:
Change Dir: /home/jorge/bls-hsm/json-c-build/CMakeFiles/CMakeTmp

Run Build Command(s):/usr/bin/make cmTC_a5aef/fast && /usr/bin/make -f CMakeFiles/cmTC_a5aef.dir/build.make CMakeFiles/cmTC_a5aef.dir/build
make[1]: se entra en el directorio '/home/jorge/bls-hsm/json-c-build/CMakeFiles/CMakeTmp'
Building C object CMakeFiles/cmTC_a5aef.dir/CheckSymbolExists.c.o
/usr/bin/cc -D_GNU_SOURCE  -fPIE   -o CMakeFiles/cmTC_a5aef.dir/CheckSymbolExists.c.o   -c /home/jorge/bls-hsm/json-c-build/CMakeFiles/CMakeTmp/CheckSymbolExists.c
Linking C executable cmTC_a5aef
/usr/bin/cmake -E cmake_link_script CMakeFiles/cmTC_a5aef.dir/link.txt --verbose=1
/usr/bin/cc      -rdynamic CMakeFiles/cmTC_a5aef.dir/CheckSymbolExists.c.o  -o cmTC_a5aef  -lm 
make[1]: se sale del directorio '/home/jorge/bls-hsm/json-c-build/CMakeFiles/CMakeTmp'


File /home/jorge/bls-hsm/json-c-build/CMakeFiles/CMakeTmp/CheckSymbolExists.c:
/* */
#include <sys/random.h>

int main(int argc, char** argv)
{
  (void)argv;
#ifndef getrandom
  return ((int*)(&getrandom))[argc];
#else
  (void)argc;
  return 0;
#endif
}
Determining if the strtoll exist passed with the following output:
Change Dir: /home/jorge/bls-hsm/json-c-build/CMakeFiles/CMakeTmp

Run Build Command(s):/usr/bin/make cmTC_9ff93/fast && /usr/bin/make -f CMakeFiles/cmTC_9ff93.dir/build.make CMakeFiles/cmTC_9ff93.dir/build
make[1]: se entra en el directorio '/home/jorge/bls-hsm/json-c-build/CMakeFiles/CMakeTmp'
Building C object CMakeFiles/cmTC_9ff93.dir/CheckSymbolExists.c.o
/usr/bin/cc -D_GNU_SOURCE  -fPIE   -o CMakeFiles/cmTC_9ff93.dir/CheckSymbolExists.c.o   -c /home/jorge/bls-hsm/json-c-build/CMakeFiles/CMakeTmp/CheckSymbolExists.c
Linking C executable cmTC_9ff93
/usr/bin/cmake -E cmake_link_script CMakeFiles/cmTC_9ff93.dir/link.txt --verbose=1
/usr/bin/cc      -rdynamic CMakeFiles/cmTC_9ff93.dir/CheckSymbolExists.c.o  -o cmTC_9ff93  -lm 
make[1]: se sale del directorio '/home/jorge/bls-hsm/json-c-build/CMakeFiles/CMakeTmp'


File /home/jorge/bls-hsm/json-c-build/CMakeFiles/CMakeTmp/CheckSymbolExists.c:
/* */
#include <stdlib.h>

int main(int argc, char** argv)
{
  (void)argv;
#ifndef strtoll
  return ((int*)(&strtoll))[argc];
#else
  (void)argc;
  return 0;
#endif
}
Determining if the strtoull exist passed with the following output:
Change Dir: /home/jorge/bls-hsm/json-c-build/CMakeFiles/CMakeTmp

Run Build Command(s):/usr/bin/make cmTC_edd0e/fast && /usr/bin/make -f CMakeFiles/cmTC_edd0e.dir/build.make CMakeFiles/cmTC_edd0e.dir/build
make[1]: se entra en el directorio '/home/jorge/bls-hsm/json-c-build/CMakeFiles/CMakeTmp'
Building C object CMakeFiles/cmTC_edd0e.dir/CheckSymbolExists.c.o
/usr/bin/cc -D_GNU_SOURCE  -fPIE   -o CMakeFiles/cmTC_edd0e.dir/CheckSymbolExists.c.o   -c /home/jorge/bls-hsm/json-c-build/CMakeFiles/CMakeTmp/CheckSymbolExists.c
Linking C executable cmTC_edd0e
/usr/bin/cmake -E cmake_link_script CMakeFiles/cmTC_edd0e.dir/link.txt --verbose=1
/usr/bin/cc      -rdynamic CMakeFiles/cmTC_edd0e.dir/CheckSymbolExists.c.o  -o cmTC_edd0e  -lm 
make[1]: se sale del directorio '/home/jorge/bls-hsm/json-c-build/CMakeFiles/CMakeTmp'


File /home/jorge/bls-hsm/json-c-build/CMakeFiles/CMakeTmp/CheckSymbolExists.c:
/* */
#include <stdlib.h>

int main(int argc, char** argv)
{
  (void)argv;
#ifndef strtoull
  return ((int*)(&strtoull))[argc];
#else
  (void)argc;
  return 0;
#endif
}
Determining if the include file stddef.h exists passed with the following output:
Change Dir: /home/jorge/bls-hsm/json-c-build/CMakeFiles/CMakeTmp

Run Build Command(s):/usr/bin/make cmTC_1dca2/fast && /usr/bin/make -f CMakeFiles/cmTC_1dca2.dir/build.make CMakeFiles/cmTC_1dca2.dir/build
make[1]: se entra en el directorio '/home/jorge/bls-hsm/json-c-build/CMakeFiles/CMakeTmp'
Building C object CMakeFiles/cmTC_1dca2.dir/CheckIncludeFile.c.o
/usr/bin/cc -D_GNU_SOURCE  -fPIE   -o CMakeFiles/cmTC_1dca2.dir/CheckIncludeFile.c.o   -c /home/jorge/bls-hsm/json-c-build/CMakeFiles/CMakeTmp/CheckIncludeFile.c
Linking C executable cmTC_1dca2
/usr/bin/cmake -E cmake_link_script CMakeFiles/cmTC_1dca2.dir/link.txt --verbose=1
/usr/bin/cc      -rdynamic CMakeFiles/cmTC_1dca2.dir/CheckIncludeFile.c.o  -o cmTC_1dca2  -lm 
make[1]: se sale del directorio '/home/jorge/bls-hsm/json-c-build/CMakeFiles/CMakeTmp'



Determining size of int passed with the following output:
Change Dir: /home/jorge/bls-hsm/json-c-build/CMakeFiles/CMakeTmp

Run Build Command(s):/usr/bin/make cmTC_73acf/fast && /usr/bin/make -f CMakeFiles/cmTC_73acf.dir/build.make CMakeFiles/cmTC_73acf.dir/build
make[1]: se entra en el directorio '/home/jorge/bls-hsm/json-c-build/CMakeFiles/CMakeTmp'
Building C object CMakeFiles/cmTC_73acf.dir/SIZEOF_INT.c.o
/usr/bin/cc -D_GNU_SOURCE  -fPIE   -o CMakeFiles/cmTC_73acf.dir/SIZEOF_INT.c.o   -c /home/jorge/bls-hsm/json-c-build/CMakeFiles/CheckTypeSize/SIZEOF_INT.c
Linking C executable cmTC_73acf
/usr/bin/cmake -E cmake_link_script CMakeFiles/cmTC_73acf.dir/link.txt --verbose=1
/usr/bin/cc      -rdynamic CMakeFiles/cmTC_73acf.dir/SIZEOF_INT.c.o  -o cmTC_73acf  -lm 
make[1]: se sale del directorio '/home/jorge/bls-hsm/json-c-build/CMakeFiles/CMakeTmp'



Determining size of int64_t passed with the following output:
Change Dir: /home/jorge/bls-hsm/json-c-build/CMakeFiles/CMakeTmp

Run Build Command(s):/usr/bin/make cmTC_729fa/fast && /usr/bin/make -f CMakeFiles/cmTC_729fa.dir/build.make CMakeFiles/cmTC_729fa.dir/build
make[1]: se entra en el directorio '/home/jorge/bls-hsm/json-c-build/CMakeFiles/CMakeTmp'
Building C object CMakeFiles/cmTC_729fa.dir/SIZEOF_INT64_T.c.o
/usr/bin/cc -D_GNU_SOURCE  -fPIE   -o CMakeFiles/cmTC_729fa.dir/SIZEOF_INT64_T.c.o   -c /home/jorge/bls-hsm/json-c-build/CMakeFiles/CheckTypeSize/SIZEOF_INT64_T.c
Linking C executable cmTC_729fa
/usr/bin/cmake -E cmake_link_script CMakeFiles/cmTC_729fa.dir/link.txt --verbose=1
/usr/bin/cc      -rdynamic CMakeFiles/cmTC_729fa.dir/SIZEOF_INT64_T.c.o  -o cmTC_729fa  -lm 
make[1]: se sale del directorio '/home/jorge/bls-hsm/json-c-build/CMakeFiles/CMakeTmp'



Determining size of long passed with the following output:
Change Dir: /home/jorge/bls-hsm/json-c-build/CMakeFiles/CMakeTmp

Run Build Command(s):/usr/bin/make cmTC_48c1d/fast && /usr/bin/make -f CMakeFiles/cmTC_48c1d.dir/build.make CMakeFiles/cmTC_48c1d.dir/build
make[1]: se entra en el directorio '/home/jorge/bls-hsm/json-c-build/CMakeFiles/CMakeTmp'
Building C object CMakeFiles/cmTC_48c1d.dir/SIZEOF_LONG.c.o
/usr/bin/cc -D_GNU_SOURCE  -fPIE   -o CMakeFiles/cmTC_48c1d.dir/SIZEOF_LONG.c.o   -c /home/jorge/bls-hsm/json-c-build/CMakeFiles/CheckTypeSize/SIZEOF_LONG.c
Linking C executable cmTC_48c1d
/usr/bin/cmake -E cmake_link_script CMakeFiles/cmTC_48c1d.dir/link.txt --verbose=1
/usr/bin/cc      -rdynamic CMakeFiles/cmTC_48c1d.dir/SIZEOF_LONG.c.o  -o cmTC_48c1d  -lm 
make[1]: se sale del directorio '/home/jorge/bls-hsm/json-c-build/CMakeFiles/CMakeTmp'



Determining size of long long passed with the following output:
Change Dir: /home/jorge/bls-hsm/json-c-build/CMakeFiles/CMakeTmp

Run Build Command(s):/usr/bin/make cmTC_23120/fast && /usr/bin/make -f CMakeFiles/cmTC_23120.dir/build.make CMakeFiles/cmTC_23120.dir/build
make[1]: se entra en el directorio '/home/jorge/bls-hsm/json-c-build/CMakeFiles/CMakeTmp'
Building C object CMakeFiles/cmTC_23120.dir/SIZEOF_LONG_LONG.c.o
/usr/bin/cc -D_GNU_SOURCE  -fPIE   -o CMakeFiles/cmTC_23120.dir/SIZEOF_LONG_LONG.c.o   -c /home/jorge/bls-hsm/json-c-build/CMakeFiles/CheckTypeSize/SIZEOF_LONG_LONG.c
Linking C executable cmTC_23120
/usr/bin/cmake -E cmake_link_script CMakeFiles/cmTC_23120.dir/link.txt --verbose=1
/usr/bin/cc      -rdynamic CMakeFiles/cmTC_23120.dir/SIZEOF_LONG_LONG.c.o  -o cmTC_23120  -lm 
make[1]: se sale del directorio '/home/jorge/bls-hsm/json-c-build/CMakeFiles/CMakeTmp'



Determining size of size_t passed with the following output:
Change Dir: /home/jorge/bls-hsm/json-c-build/CMakeFiles/CMakeTmp

Run Build Command(s):/usr/bin/make cmTC_8b015/fast && /usr/bin/make -f CMakeFiles/cmTC_8b015.dir/build.make CMakeFiles/cmTC_8b015.dir/build
make[1]: se entra en el directorio '/home/jorge/bls-hsm/json-c-build/CMakeFiles/CMakeTmp'
Building C object CMakeFiles/cmTC_8b015.dir/SIZEOF_SIZE_T.c.o
/usr/bin/cc -D_GNU_SOURCE  -fPIE   -o CMakeFiles/cmTC_8b015.dir/SIZEOF_SIZE_T.c.o   -c /home/jorge/bls-hsm/json-c-build/CMakeFiles/CheckTypeSize/SIZEOF_SIZE_T.c
Linking C executable cmTC_8b015
/usr/bin/cmake -E cmake_link_script CMakeFiles/cmTC_8b015.dir/link.txt --verbose=1
/usr/bin/cc      -rdynamic CMakeFiles/cmTC_8b015.dir/SIZEOF_SIZE_T.c.o  -o cmTC_8b015  -lm 
make[1]: se sale del directorio '/home/jorge/bls-hsm/json-c-build/CMakeFiles/CMakeTmp'



Determining size of ssize_t passed with the following output:
Change Dir: /home/jorge/bls-hsm/json-c-build/CMakeFiles/CMakeTmp

Run Build Command(s):/usr/bin/make cmTC_ff0d0/fast && /usr/bin/make -f CMakeFiles/cmTC_ff0d0.dir/build.make CMakeFiles/cmTC_ff0d0.dir/build
make[1]: se entra en el directorio '/home/jorge/bls-hsm/json-c-build/CMakeFiles/CMakeTmp'
Building C object CMakeFiles/cmTC_ff0d0.dir/SIZEOF_SSIZE_T.c.o
/usr/bin/cc -D_GNU_SOURCE  -fPIE   -o CMakeFiles/cmTC_ff0d0.dir/SIZEOF_SSIZE_T.c.o   -c /home/jorge/bls-hsm/json-c-build/CMakeFiles/CheckTypeSize/SIZEOF_SSIZE_T.c
Linking C executable cmTC_ff0d0
/usr/bin/cmake -E cmake_link_script CMakeFiles/cmTC_ff0d0.dir/link.txt --verbose=1
/usr/bin/cc      -rdynamic CMakeFiles/cmTC_ff0d0.dir/SIZEOF_SSIZE_T.c.o  -o cmTC_ff0d0  -lm 
make[1]: se sale del directorio '/home/jorge/bls-hsm/json-c-build/CMakeFiles/CMakeTmp'



Performing C SOURCE FILE Test HAVE_ATOMIC_BUILTINS succeeded with the following output:
Change Dir: /home/jorge/bls-hsm/json-c-build/CMakeFiles/CMakeTmp

Run Build Command(s):/usr/bin/make cmTC_2a691/fast && /usr/bin/make -f CMakeFiles/cmTC_2a691.dir/build.make CMakeFiles/cmTC_2a691.dir/build
make[1]: se entra en el directorio '/home/jorge/bls-hsm/json-c-build/CMakeFiles/CMakeTmp'
Building C object CMakeFiles/cmTC_2a691.dir/src.c.o
/usr/bin/cc -D_GNU_SOURCE  -DHAVE_ATOMIC_BUILTINS -fPIE   -o CMakeFiles/cmTC_2a691.dir/src.c.o   -c /home/jorge/bls-hsm/json-c-build/CMakeFiles/CMakeTmp/src.c
Linking C executable cmTC_2a691
/usr/bin/cmake -E cmake_link_script CMakeFiles/cmTC_2a691.dir/link.txt --verbose=1
/usr/bin/cc  -DHAVE_ATOMIC_BUILTINS    -rdynamic CMakeFiles/cmTC_2a691.dir/src.c.o  -o cmTC_2a691  -lm 
make[1]: se sale del directorio '/home/jorge/bls-hsm/json-c-build/CMakeFiles/CMakeTmp'


Source file was:
int main() { int i, x = 0; i = __sync_add_and_fetch(&x,1); return x; }
Performing C SOURCE FILE Test HAVE___THREAD succeeded with the following output:
Change Dir: /home/jorge/bls-hsm/json-c-build/CMakeFiles/CMakeTmp

Run Build Command(s):/usr/bin/make cmTC_74b81/fast && /usr/bin/make -f CMakeFiles/cmTC_74b81.dir/build.make CMakeFiles/cmTC_74b81.dir/build
make[1]: se entra en el directorio '/home/jorge/bls-hsm/json-c-build/CMakeFiles/CMakeTmp'
Building C object CMakeFiles/cmTC_74b81.dir/src.c.o
/usr/bin/cc -D_GNU_SOURCE  -DHAVE___THREAD -fPIE   -o CMakeFiles/cmTC_74b81.dir/src.c.o   -c /home/jorge/bls-hsm/json-c-build/CMakeFiles/CMakeTmp/src.c
Linking C executable cmTC_74b81
/usr/bin/cmake -E cmake_link_script CMakeFiles/cmTC_74b81.dir/link.txt --verbose=1
/usr/bin/cc  -DHAVE___THREAD    -rdynamic CMakeFiles/cmTC_74b81.dir/src.c.o  -o cmTC_74b81  -lm 
make[1]: se sale del directorio '/home/jorge/bls-hsm/json-c-build/CMakeFiles/CMakeTmp'


Source file was:
__thread int x = 0; int main() { return 0; }
Performing C SOURCE FILE Test REENTRANT_WORKS succeeded with the following output:
Change Dir: /home/jorge/bls-hsm/json-c-build/CMakeFiles/CMakeTmp

Run Build Command(s):/usr/bin/make cmTC_b19cd/fast && /usr/bin/make -f CMakeFiles/cmTC_b19cd.dir/build.make CMakeFiles/cmTC_b19cd.dir/build
make[1]: se entra en el directorio '/home/jorge/bls-hsm/json-c-build/CMakeFiles/CMakeTmp'
Building C object CMakeFiles/cmTC_b19cd.dir/src.c.o
/usr/bin/cc -D_GNU_SOURCE  -ffunction-sections -fdata-sections -Werror -Wall -Wcast-qual -Wno-error=deprecated-declarations -Wextra -Wwrite-strings -Wno-unused-parameter -Wstrict-prototypes -DREENTRANT_WORKS -fPIE   -o CMakeFiles/cmTC_b19cd.dir/src.c.o   -c /home/jorge/bls-hsm/json-c-build/CMakeFiles/CMakeTmp/src.c
Linking C executable cmTC_b19cd
/usr/bin/cmake -E cmake_link_script CMakeFiles/cmTC_b19cd.dir/link.txt --verbose=1
/usr/bin/cc  -ffunction-sections -fdata-sections -Werror -Wall -Wcast-qual -Wno-error=deprecated-declarations -Wextra -Wwrite-strings -Wno-unused-parameter -Wstrict-prototypes -DREENTRANT_WORKS    -rdynamic CMakeFiles/cmTC_b19cd.dir/src.c.o  -o cmTC_b19cd  -lm 
make[1]: se sale del directorio '/home/jorge/bls-hsm/json-c-build/CMakeFiles/CMakeTmp'


Source file was:

	/* uClibc toolchains without threading barf when _REENTRANT is defined */
	#define _REENTRANT 1
	#include <sys/types.h>
	int main (void)
	{
	  return 0;
	}
	
Performing C SOURCE FILE Test BSYMBOLIC_WORKS succeeded with the following output:
Change Dir: /home/jorge/bls-hsm/json-c-build/CMakeFiles/CMakeTmp

Run Build Command(s):/usr/bin/make cmTC_b76aa/fast && /usr/bin/make -f CMakeFiles/cmTC_b76aa.dir/build.make CMakeFiles/cmTC_b76aa.dir/build
make[1]: se entra en el directorio '/home/jorge/bls-hsm/json-c-build/CMakeFiles/CMakeTmp'
Building C object CMakeFiles/cmTC_b76aa.dir/src.c.o
/usr/bin/cc -D_GNU_SOURCE  -ffunction-sections -fdata-sections -Werror -Wall -Wcast-qual -Wno-error=deprecated-declarations -Wextra -Wwrite-strings -Wno-unused-parameter -Wstrict-prototypes -DBSYMBOLIC_WORKS -fPIE   -o CMakeFiles/cmTC_b76aa.dir/src.c.o   -c /home/jorge/bls-hsm/json-c-build/CMakeFiles/CMakeTmp/src.c
Linking C executable cmTC_b76aa
/usr/bin/cmake -E cmake_link_script CMakeFiles/cmTC_b76aa.dir/link.txt --verbose=1
/usr/bin/cc  -ffunction-sections -fdata-sections -Werror -Wall -Wcast-qual -Wno-error=deprecated-declarations -Wextra -Wwrite-strings -Wno-unused-parameter -Wstrict-prototypes -DBSYMBOLIC_WORKS    -rdynamic CMakeFiles/cmTC_b76aa.dir/src.c.o  -o cmTC_b76aa  -lm -Wl,-Bsymbolic-functions 
make[1]: se sale del directorio '/home/jorge/bls-hsm/json-c-build/CMakeFiles/CMakeTmp'


Source file was:

	int main (void)
	{
	  return 0;
	}
	
Performing C SOURCE FILE Test VERSION_SCRIPT_WORKS succeeded with the following output:
Change Dir: /home/jorge/bls-hsm/json-c-build/CMakeFiles/CMakeTmp

Run Build Command(s):/usr/bin/make cmTC_a0781/fast && /usr/bin/make -f CMakeFiles/cmTC_a0781.dir/build.make CMakeFiles/cmTC_a0781.dir/build
make[1]: se entra en el directorio '/home/jorge/bls-hsm/json-c-build/CMakeFiles/CMakeTmp'
Building C object CMakeFiles/cmTC_a0781.dir/src.c.o
/usr/bin/cc -D_GNU_SOURCE  -ffunction-sections -fdata-sections -Werror -Wall -Wcast-qual -Wno-error=deprecated-declarations -Wextra -Wwrite-strings -Wno-unused-parameter -Wstrict-prototypes -DVERSION_SCRIPT_WORKS -fPIE   -o CMakeFiles/cmTC_a0781.dir/src.c.o   -c /home/jorge/bls-hsm/json-c-build/CMakeFiles/CMakeTmp/src.c
Linking C executable cmTC_a0781
/usr/bin/cmake -E cmake_link_script CMakeFiles/cmTC_a0781.dir/link.txt --verbose=1
/usr/bin/cc  -ffunction-sections -fdata-sections -Werror -Wall -Wcast-qual -Wno-error=deprecated-declarations -Wextra -Wwrite-strings -Wno-unused-parameter -Wstrict-prototypes -DVERSION_SCRIPT_WORKS    -rdynamic CMakeFiles/cmTC_a0781.dir/src.c.o  -o cmTC_a0781  -lm -Wl,--version-script,/home/jorge/bls-hsm/json-c-build/check-version-script.sym 
make[1]: se sale del directorio '/home/jorge/bls-hsm/json-c-build/CMakeFiles/CMakeTmp'


Source file was:

	int main (void)
	{
	  return 0;
	}
	
